#
# A fatal error has been detected by the Java Runtime Environment:
#
#  SIGSEGV (0xb) at pc=0x00007f808e65574b, pid=77939, tid=77944
#
# JRE version: OpenJDK Runtime Environment (11.0.8+10) (build 11.0.8+10-post-Ubuntu-0ubuntu120.04)
# Java VM: OpenJDK 64-Bit Server VM (11.0.8+10-post-Ubuntu-0ubuntu120.04, mixed mode, sharing, tiered, compressed oops, g1 gc, linux-amd64)
# Problematic frame:
# V  [libjvm.so+0x71f74b]
#
# Core dump will be written. Default location: Core dumps may be processed with "/usr/share/apport/apport %p %s %c %d %P %E" (or dumping to /home/programador/wesleyxavier/git/sg-campeonato/core.77939)
#
# If you would like to submit a bug report, please visit:
#   https://bugs.launchpad.net/ubuntu/+source/openjdk-lts
#

---------------  S U M M A R Y ------------

Command Line: -agentlib:jdwp=transport=dt_socket,server=n,suspend=y,address=localhost:45921 -Dfile.encoding=UTF-8 com.sgcampeonato.CampeonatoApplication

Host: Intel(R) Core(TM) i3-4160 CPU @ 3.60GHz, 4 cores, 11G, Ubuntu 20.04.1 LTS
Time: Tue Aug  4 16:08:41 2020 -03 elapsed time: 4 seconds (0d 0h 0m 4s)

---------------  T H R E A D  ---------------

Current thread (0x00007f8088079000):  ConcurrentGCThread "G1 Conc#0" [stack: 0x00007f8070802000,0x00007f8070902000] [id=77944]

Stack: [0x00007f8070802000,0x00007f8070902000],  sp=0x00007f8070900d10,  free space=1019k
Native frames: (J=compiled Java code, A=aot compiled Java code, j=interpreted, Vv=VM code, C=native code)
V  [libjvm.so+0x71f74b]
V  [libjvm.so+0x71ea96]
V  [libjvm.so+0xdba84d]
V  [libjvm.so+0xd1f430]
V  [libjvm.so+0xb8f706]


siginfo: si_signo: 11 (SIGSEGV), si_code: 128 (SI_KERNEL), si_addr: 0x0000000000000000

Register to memory mapping:

RAX=0x696f706566615300 is an unknown value
RBX=0x0000000000000200 is an unknown value
RCX=0x0000000000000014 is an unknown value
RDX=0x0 is NULL
RSP=0x00007f8070900d10 points into unknown readable memory: f8 bc 00 00 08 00 00 00
RBP=0x00007f8070900d60 points into unknown readable memory: 00 0e 90 70 80 7f 00 00
RSI=0x00007f8070900da0 points into unknown readable memory: 60 95 f7 8e 80 7f 00 00
RDI=0x00000008002ab5b0 is pointing into metadata
R8 =0x00000008002ab780 is pointing into metadata
R9 =0x00000008002ab7f8 is pointing into metadata
R10=0x0000000753ebfbf8 points into unknown readable memory: 11 00 00 00 00 00 00 00
R11=0x00000008002ab800 is pointing into metadata
R12=0x0000000753ebfc10 points into unknown readable memory: 40 00 00 00 00 00 00 00
R13=0x00007f808806ad40 points into unknown readable memory: 00 78 07 88 80 7f 00 00
R14=0x0000000753ebfc14 points into unknown readable memory: 00 00 00 00
R15=0x00007f8070900da0 points into unknown readable memory: 60 95 f7 8e 80 7f 00 00


Registers:
RAX=0x696f706566615300, RBX=0x0000000000000200, RCX=0x0000000000000014, RDX=0x0000000000000000
RSP=0x00007f8070900d10, RBP=0x00007f8070900d60, RSI=0x00007f8070900da0, RDI=0x00000008002ab5b0
R8 =0x00000008002ab780, R9 =0x00000008002ab7f8, R10=0x0000000753ebfbf8, R11=0x00000008002ab800
R12=0x0000000753ebfc10, R13=0x00007f808806ad40, R14=0x0000000753ebfc14, R15=0x00007f8070900da0
RIP=0x00007f808e65574b, EFLAGS=0x0000000000010246, CSGSFS=0x002b000000000033, ERR=0x0000000000000000
  TRAPNO=0x000000000000000d

Top of Stack: (sp=0x00007f8070900d10)
0x00007f8070900d10:   000000080000bcf8 00007f808e65629e
0x00007f8070900d20:   00007f808806ad40 0000000753ebfbf8
0x00007f8070900d30:   00007f8070900d60 0000000753ebfc18
0x00007f8070900d40:   00007f808c196bd0 0000000000000240 

Instructions: (pc=0x00007f808e65574b)
0x00007f808e65564b:   11 9f cb ff 4c 89 e7 e8 29 91 cb ff 66 49 0f 6e
0x00007f808e65565b:   c4 4c 89 6b 20 0f 16 85 28 ff ff ff 0f 11 43 10
0x00007f808e65566b:   48 81 c4 c8 00 00 00 5b 41 5c 41 5d 41 5e 41 5f
0x00007f808e65567b:   5d c3 0f 1f 00 f3 0f 1e fa 55 31 c9 48 89 e5 41
0x00007f808e65568b:   57 49 89 ff 41 56 41 55 41 54 53 48 89 d3 48 83
0x00007f808e65569b:   ec 28 48 8b ba 98 00 00 00 48 89 75 c8 ba 01 00
0x00007f808e6556ab:   00 00 4c 89 fe e8 3b 61 e6 ff 48 89 df e8 93 07
0x00007f808e6556bb:   2c 00 48 63 93 34 01 00 00 49 89 c0 48 63 83 c4
0x00007f808e6556cb:   00 00 00 48 01 d0 4d 8d 0c c0 8b 83 30 01 00 00
0x00007f808e6556db:   4d 8d 1c c1 4d 39 cb 0f 86 ea 00 00 00 4c 8b 55
0x00007f808e6556eb:   c8 0f 1f 40 00 4d 63 21 41 8b 41 04 4d 01 d4 4d
0x00007f808e6556fb:   8d 34 84 4d 39 e6 0f 86 be 00 00 00 66 0f 1f 84
0x00007f808e65570b:   00 00 00 00 00 41 8b 1c 24 85 db 0f 84 9c 00 00
0x00007f808e65571b:   00 48 8d 05 fd 57 9f 00 4d 8b 6f 18 8b 48 08 48
0x00007f808e65572b:   d3 e3 48 03 18 49 8b 45 08 48 89 da 8b 88 c0 02
0x00007f808e65573b:   00 00 48 8b 80 b0 02 00 00 48 d3 ea 48 8b 04 d0
0x00007f808e65574b:   48 3b 98 60 01 00 00 73 64 49 8b 95 90 00 00 00
0x00007f808e65575b:   48 89 d9 bf 01 00 00 00 45 8b 47 20 48 2b 0a 48
0x00007f808e65576b:   89 c8 8b 4a 10 48 c1 e8 03 48 d3 e8 48 89 c1 48
0x00007f808e65577b:   89 c6 48 8b 42 18 48 c1 ee 06 83 e1 3f 48 8d 34
0x00007f808e65578b:   f0 48 d3 e7 48 8b 0e eb 14 0f 1f 40 00 48 89 c8
0x00007f808e65579b:   f0 48 0f b1 16 48 39 c1 74 43 48 89 c1 48 89 fa
0x00007f808e6557ab:   48 09 ca 48 39 d1 75 e5 0f 1f 44 00 00 49 83 c4
0x00007f808e6557bb:   04 4d 39 e6 0f 87 4b ff ff ff 49 83 c1 08 4d 39
0x00007f808e6557cb:   cb 0f 87 1e ff ff ff 48 83 c4 28 5b 41 5c 41 5d
0x00007f808e6557db:   41 5e 41 5f 5d c3 0f 1f 80 00 00 00 00 48 8d 05
0x00007f808e6557eb:   3d 20 a2 00 0f b6 00 84 c0 0f 84 16 01 00 00 48
0x00007f808e6557fb:   8d 15 0f 57 9f 00 8b 7b 08 8b 4a 08 48 d3 e7 48
0x00007f808e65580b:   03 3a 8b 4f 08 85 c9 0f 8e a0 00 00 00 f6 c1 01
0x00007f808e65581b:   74 1a 48 8b 07 48 8d 35 d9 56 df ff 48 8b 80 10
0x00007f808e65582b:   01 00 00 48 39 f0 0f 85 32 01 00 00 c1 f9 03 48
0x00007f808e65583b:   63 d1 49 8b 85 f0 02 00 00 4a 8b 34 c0 48 8b 46 


Stack slot to memory mapping:
stack at sp + 0 slots: 0x000000080000bcf8 is pointing into metadata
stack at sp + 1 slots: 0x00007f808e65629e: <offset 0x000000000072029e> in /usr/lib/jvm/java-11-openjdk-amd64/lib/server/libjvm.so at 0x00007f808df36000
stack at sp + 2 slots: 0x00007f808806ad40 points into unknown readable memory: 00 78 07 88 80 7f 00 00
stack at sp + 3 slots: 0x0000000753ebfbf8 points into unknown readable memory: 11 00 00 00 00 00 00 00
stack at sp + 4 slots: 0x00007f8070900d60 points into unknown readable memory: 00 0e 90 70 80 7f 00 00
stack at sp + 5 slots: 0x0000000753ebfc18 points into unknown readable memory: 11 00 00 00 00 00 00 00
stack at sp + 6 slots: 0x00007f808c196bd0 points into unknown readable memory: 30 96 f7 8e 80 7f 00 00
stack at sp + 7 slots: 0x0000000000000240 is an unknown value


---------------  P R O C E S S  ---------------

Threads class SMR info:
_java_thread_list=0x00007f7ffd008580, length=22, elements={
0x00007f8088018800, 0x00007f8088165000, 0x00007f8088167000, 0x00007f808816c800,
0x00007f808816e800, 0x00007f8088170800, 0x00007f8088172800, 0x00007f80881b7000,
0x00007f80881ba800, 0x00007f802c001800, 0x00007f80881bc000, 0x00007f80881c2800,
0x00007f804007f000, 0x00007f80886d5000, 0x00007f8008003800, 0x00007f7ffcf51800,
0x00007f7ffcf49000, 0x00007f7ffcf80800, 0x00007f7ff8002800, 0x00007f7ffcf88000,
0x00007f7ff4002000, 0x00007f7ffd007800
}

Java Threads: ( => current thread )
  0x00007f8088018800 JavaThread "main" [_thread_blocked, id=77941, stack(0x00007f808daea000,0x00007f808dbeb000)]
  0x00007f8088165000 JavaThread "Reference Handler" daemon [_thread_blocked, id=77948, stack(0x00007f806425f000,0x00007f8064360000)]
  0x00007f8088167000 JavaThread "Finalizer" daemon [_thread_blocked, id=77949, stack(0x00007f806415e000,0x00007f806425f000)]
  0x00007f808816c800 JavaThread "Signal Dispatcher" daemon [_thread_blocked, id=77950, stack(0x00007f806405d000,0x00007f806415e000)]
  0x00007f808816e800 JavaThread "C2 CompilerThread0" daemon [_thread_in_native, id=77951, stack(0x00007f805718e000,0x00007f805728f000)]
  0x00007f8088170800 JavaThread "C1 CompilerThread0" daemon [_thread_blocked, id=77952, stack(0x00007f805708d000,0x00007f805718e000)]
  0x00007f8088172800 JavaThread "Sweeper thread" daemon [_thread_blocked, id=77953, stack(0x00007f8056f8c000,0x00007f805708d000)]
  0x00007f80881b7000 JavaThread "JDWP Transport Listener: dt_socket" daemon [_thread_blocked, id=77955, stack(0x00007f8056e8b000,0x00007f8056f8c000)]
  0x00007f80881ba800 JavaThread "JDWP Event Helper Thread" daemon [_thread_blocked, id=77956, stack(0x00007f8056d8a000,0x00007f8056e8b000)]
  0x00007f802c001800 JavaThread "JDWP Command Reader" daemon [_thread_in_native, id=77957, stack(0x00007f8056c89000,0x00007f8056d8a000)]
  0x00007f80881bc000 JavaThread "Service Thread" daemon [_thread_blocked, id=77962, stack(0x00007f8056b88000,0x00007f8056c89000)]
  0x00007f80881c2800 JavaThread "Common-Cleaner" daemon [_thread_blocked, id=77964, stack(0x00007f8056985000,0x00007f8056a86000)]
  0x00007f804007f000 JavaThread "C2 CompilerThread1" daemon [_thread_blocked, id=77965, stack(0x00007f8056884000,0x00007f8056985000)]
  0x00007f80886d5000 JavaThread "Thread-0" [_thread_blocked, id=77970, stack(0x00007f805637b000,0x00007f805647c000)]
  0x00007f8008003800 JavaThread "restartedMain" [_thread_in_Java, id=77971, stack(0x00007f805627a000,0x00007f805637b000)]
  0x00007f7ffcf51800 JavaThread "PostgreSQL-JDBC-SharedTimer-1" daemon [_thread_blocked, id=77975, stack(0x00007f8056179000,0x00007f805627a000)]
  0x00007f7ffcf49000 JavaThread "HikariPool-1 housekeeper" daemon [_thread_blocked, id=77976, stack(0x00007f8055878000,0x00007f8055979000)]
  0x00007f7ffcf80800 JavaThread "Catalina-utility-1" [_thread_blocked, id=77977, stack(0x00007f8054f44000,0x00007f8055045000)]
  0x00007f7ff8002800 JavaThread "Catalina-utility-2" [_thread_blocked, id=77978, stack(0x00007f8054e43000,0x00007f8054f44000)]
  0x00007f7ffcf88000 JavaThread "container-0" [_thread_blocked, id=77979, stack(0x00007f8054d42000,0x00007f8054e43000)]
  0x00007f7ff4002000 JavaThread "HikariPool-1 connection adder" daemon [_thread_blocked, id=77980, stack(0x00007f8054a2c000,0x00007f8054b2d000)]
  0x00007f7ffd007800 JavaThread "task-1" [_thread_in_vm, id=77990, stack(0x00007f805472b000,0x00007f805482c000)]

Other Threads:
  0x00007f8088162000 VMThread "VM Thread" [stack: 0x00007f807001c000,0x00007f807011c000] [id=77947] _threads_hazard_ptr=0x00007f7ffd008580
  0x00007f80881be800 WatcherThread [stack: 0x00007f8056a88000,0x00007f8056b88000] [id=77963]
  0x00007f8088030000 GCTaskThread "GC Thread#0" [stack: 0x00007f808d75f000,0x00007f808d85f000] [id=77942]
  0x00007f804c001000 GCTaskThread "GC Thread#1" [stack: 0x00007f8056784000,0x00007f8056884000] [id=77966]
  0x00007f804c002800 GCTaskThread "GC Thread#2" [stack: 0x00007f8056682000,0x00007f8056782000] [id=77967]
  0x00007f804c004000 GCTaskThread "GC Thread#3" [stack: 0x00007f8056580000,0x00007f8056680000] [id=77968]
  0x00007f8088077800 ConcurrentGCThread "G1 Main Marker" [stack: 0x00007f808c098000,0x00007f808c198000] [id=77943]
=>0x00007f8088079000 ConcurrentGCThread "G1 Conc#0" [stack: 0x00007f8070802000,0x00007f8070902000] [id=77944]
  0x00007f808812a000 ConcurrentGCThread "G1 Refine#0" [stack: 0x00007f80702fc000,0x00007f80703fc000] [id=77945]
  0x00007f805c001000 ConcurrentGCThread "G1 Refine#1" [stack: 0x00007f805647e000,0x00007f805657e000] [id=77969]
  0x00007f808812b800 ConcurrentGCThread "G1 Young RemSet Sampling" [stack: 0x00007f80701fa000,0x00007f80702fa000] [id=77946]

Threads with active compile tasks:
C2 CompilerThread0   4148 3550   !   4       java.net.URL::<init> (543 bytes)
C2 CompilerThread1   4148 3564       4       java.net.URLStreamHandler::parseURL (1201 bytes)

VM state:synchronizing (normal execution)

VM Mutex/Monitor currently owned by a thread:  ([mutex/lock_event])
[0x00007f8088014ff0] Safepoint_lock - owner thread: 0x00007f8088162000
[0x00007f8088015080] Threads_lock - owner thread: 0x00007f8088162000

Heap address: 0x0000000746c00000, size: 2964 MB, Compressed Oops mode: Zero based, Oop shift amount: 3
Narrow klass base: 0x0000000800000000, Narrow klass shift: 3
Compressed class space size: 1073741824 Address: 0x0000000840000000

Heap:
 garbage-first heap   total 251904K, used 17443K [0x0000000746c00000, 0x0000000800000000)
  region size 1024K, 12 young (12288K), 11 survivors (11264K)
 Metaspace       used 34509K, capacity 35603K, committed 35884K, reserved 1081344K
  class space    used 4295K, capacity 4717K, committed 4736K, reserved 1048576K
Heap Regions: E=young(eden), S=young(survivor), O=old, HS=humongous(starts), HC=humongous(continues), CS=collection set, F=free, A=archive, TAMS=top-at-mark-start (previous, next)
|   0|0x0000000746c00000, 0x0000000746d00000, 0x0000000746d00000|100%|HS|  |TAMS 0x0000000746d00000, 0x0000000746d00000| Complete 
|   1|0x0000000746d00000, 0x0000000746e00000, 0x0000000746e00000|100%| O|  |TAMS 0x0000000746e00000, 0x0000000746e00000| Untracked 
|   2|0x0000000746e00000, 0x0000000746f00000, 0x0000000746f00000|100%| O|  |TAMS 0x0000000746f00000, 0x0000000746f00000| Untracked 
|   3|0x0000000746f00000, 0x0000000747000000, 0x0000000747000000|100%| O|  |TAMS 0x0000000746f8c000, 0x0000000747000000| Untracked 
|   4|0x0000000747000000, 0x0000000747100000, 0x0000000747100000|100%| O|  |TAMS 0x0000000747000000, 0x0000000747100000| Untracked 
|   5|0x0000000747100000, 0x0000000747170c00, 0x0000000747200000| 44%| O|  |TAMS 0x0000000747100000, 0x0000000747170c00| Untracked 
|   6|0x0000000747200000, 0x0000000747200000, 0x0000000747300000|  0%| F|  |TAMS 0x0000000747200000, 0x0000000747200000| Untracked 
|   7|0x0000000747300000, 0x0000000747300000, 0x0000000747400000|  0%| F|  |TAMS 0x0000000747300000, 0x0000000747300000| Untracked 
|   8|0x0000000747400000, 0x0000000747400000, 0x0000000747500000|  0%| F|  |TAMS 0x0000000747400000, 0x0000000747400000| Untracked 
|   9|0x0000000747500000, 0x0000000747500000, 0x0000000747600000|  0%| F|  |TAMS 0x0000000747500000, 0x0000000747500000| Untracked 
|  10|0x0000000747600000, 0x0000000747600000, 0x0000000747700000|  0%| F|  |TAMS 0x0000000747600000, 0x0000000747600000| Untracked 
|  11|0x0000000747700000, 0x0000000747700000, 0x0000000747800000|  0%| F|  |TAMS 0x0000000747700000, 0x0000000747700000| Untracked 
|  12|0x0000000747800000, 0x0000000747800000, 0x0000000747900000|  0%| F|  |TAMS 0x0000000747800000, 0x0000000747800000| Untracked 
|  13|0x0000000747900000, 0x0000000747900000, 0x0000000747a00000|  0%| F|  |TAMS 0x0000000747900000, 0x0000000747900000| Untracked 
|  14|0x0000000747a00000, 0x0000000747a00000, 0x0000000747b00000|  0%| F|  |TAMS 0x0000000747a00000, 0x0000000747a00000| Untracked 
|  15|0x0000000747b00000, 0x0000000747b00000, 0x0000000747c00000|  0%| F|  |TAMS 0x0000000747b00000, 0x0000000747b00000| Untracked 
|  16|0x0000000747c00000, 0x0000000747c00000, 0x0000000747d00000|  0%| F|  |TAMS 0x0000000747c00000, 0x0000000747c00000| Untracked 
|  17|0x0000000747d00000, 0x0000000747d00000, 0x0000000747e00000|  0%| F|  |TAMS 0x0000000747d00000, 0x0000000747d00000| Untracked 
|  18|0x0000000747e00000, 0x0000000747e00000, 0x0000000747f00000|  0%| F|  |TAMS 0x0000000747e00000, 0x0000000747e00000| Untracked 
|  19|0x0000000747f00000, 0x0000000747f00000, 0x0000000748000000|  0%| F|  |TAMS 0x0000000747f00000, 0x0000000747f00000| Untracked 
|  20|0x0000000748000000, 0x0000000748000000, 0x0000000748100000|  0%| F|  |TAMS 0x0000000748000000, 0x0000000748000000| Untracked 
|  21|0x0000000748100000, 0x0000000748100000, 0x0000000748200000|  0%| F|  |TAMS 0x0000000748100000, 0x0000000748100000| Untracked 
|  22|0x0000000748200000, 0x0000000748200000, 0x0000000748300000|  0%| F|  |TAMS 0x0000000748200000, 0x0000000748200000| Untracked 
|  23|0x0000000748300000, 0x0000000748300000, 0x0000000748400000|  0%| F|  |TAMS 0x0000000748300000, 0x0000000748300000| Untracked 
|  24|0x0000000748400000, 0x0000000748400000, 0x0000000748500000|  0%| F|  |TAMS 0x0000000748400000, 0x0000000748400000| Untracked 
|  25|0x0000000748500000, 0x0000000748500000, 0x0000000748600000|  0%| F|  |TAMS 0x0000000748500000, 0x0000000748500000| Untracked 
|  26|0x0000000748600000, 0x0000000748600000, 0x0000000748700000|  0%| F|  |TAMS 0x0000000748600000, 0x0000000748600000| Untracked 
|  27|0x0000000748700000, 0x0000000748700000, 0x0000000748800000|  0%| F|  |TAMS 0x0000000748700000, 0x0000000748700000| Untracked 
|  28|0x0000000748800000, 0x0000000748800000, 0x0000000748900000|  0%| F|  |TAMS 0x0000000748800000, 0x0000000748800000| Untracked 
|  29|0x0000000748900000, 0x0000000748900000, 0x0000000748a00000|  0%| F|  |TAMS 0x0000000748900000, 0x0000000748900000| Untracked 
|  30|0x0000000748a00000, 0x0000000748a00000, 0x0000000748b00000|  0%| F|  |TAMS 0x0000000748a00000, 0x0000000748a00000| Untracked 
|  31|0x0000000748b00000, 0x0000000748b00000, 0x0000000748c00000|  0%| F|  |TAMS 0x0000000748b00000, 0x0000000748b00000| Untracked 
|  32|0x0000000748c00000, 0x0000000748c00000, 0x0000000748d00000|  0%| F|  |TAMS 0x0000000748c00000, 0x0000000748c00000| Untracked 
|  33|0x0000000748d00000, 0x0000000748d00000, 0x0000000748e00000|  0%| F|  |TAMS 0x0000000748d00000, 0x0000000748d00000| Untracked 
|  34|0x0000000748e00000, 0x0000000748e00000, 0x0000000748f00000|  0%| F|  |TAMS 0x0000000748e00000, 0x0000000748e00000| Untracked 
|  35|0x0000000748f00000, 0x0000000748f00000, 0x0000000749000000|  0%| F|  |TAMS 0x0000000748f00000, 0x0000000748f00000| Untracked 
|  36|0x0000000749000000, 0x0000000749000000, 0x0000000749100000|  0%| F|  |TAMS 0x0000000749000000, 0x0000000749000000| Untracked 
|  37|0x0000000749100000, 0x0000000749100000, 0x0000000749200000|  0%| F|  |TAMS 0x0000000749100000, 0x0000000749100000| Untracked 
|  38|0x0000000749200000, 0x0000000749200000, 0x0000000749300000|  0%| F|  |TAMS 0x0000000749200000, 0x0000000749200000| Untracked 
|  39|0x0000000749300000, 0x0000000749300000, 0x0000000749400000|  0%| F|  |TAMS 0x0000000749300000, 0x0000000749300000| Untracked 
|  40|0x0000000749400000, 0x0000000749400000, 0x0000000749500000|  0%| F|  |TAMS 0x0000000749400000, 0x0000000749400000| Untracked 
|  41|0x0000000749500000, 0x0000000749500000, 0x0000000749600000|  0%| F|  |TAMS 0x0000000749500000, 0x0000000749500000| Untracked 
|  42|0x0000000749600000, 0x0000000749600000, 0x0000000749700000|  0%| F|  |TAMS 0x0000000749600000, 0x0000000749600000| Untracked 
|  43|0x0000000749700000, 0x0000000749700000, 0x0000000749800000|  0%| F|  |TAMS 0x0000000749700000, 0x0000000749700000| Untracked 
|  44|0x0000000749800000, 0x0000000749800000, 0x0000000749900000|  0%| F|  |TAMS 0x0000000749800000, 0x0000000749800000| Untracked 
|  45|0x0000000749900000, 0x0000000749900000, 0x0000000749a00000|  0%| F|  |TAMS 0x0000000749900000, 0x0000000749900000| Untracked 
|  46|0x0000000749a00000, 0x0000000749a00000, 0x0000000749b00000|  0%| F|  |TAMS 0x0000000749a00000, 0x0000000749a00000| Untracked 
|  47|0x0000000749b00000, 0x0000000749b00000, 0x0000000749c00000|  0%| F|  |TAMS 0x0000000749b00000, 0x0000000749b00000| Untracked 
|  48|0x0000000749c00000, 0x0000000749c00000, 0x0000000749d00000|  0%| F|  |TAMS 0x0000000749c00000, 0x0000000749c00000| Untracked 
|  49|0x0000000749d00000, 0x0000000749d00000, 0x0000000749e00000|  0%| F|  |TAMS 0x0000000749d00000, 0x0000000749d00000| Untracked 
|  50|0x0000000749e00000, 0x0000000749e00000, 0x0000000749f00000|  0%| F|  |TAMS 0x0000000749e00000, 0x0000000749e00000| Untracked 
|  51|0x0000000749f00000, 0x0000000749f00000, 0x000000074a000000|  0%| F|  |TAMS 0x0000000749f00000, 0x0000000749f00000| Untracked 
|  52|0x000000074a000000, 0x000000074a000000, 0x000000074a100000|  0%| F|  |TAMS 0x000000074a000000, 0x000000074a000000| Untracked 
|  53|0x000000074a100000, 0x000000074a100000, 0x000000074a200000|  0%| F|  |TAMS 0x000000074a100000, 0x000000074a100000| Untracked 
|  54|0x000000074a200000, 0x000000074a200000, 0x000000074a300000|  0%| F|  |TAMS 0x000000074a200000, 0x000000074a200000| Untracked 
|  55|0x000000074a300000, 0x000000074a300000, 0x000000074a400000|  0%| F|  |TAMS 0x000000074a300000, 0x000000074a300000| Untracked 
|  56|0x000000074a400000, 0x000000074a400000, 0x000000074a500000|  0%| F|  |TAMS 0x000000074a400000, 0x000000074a400000| Untracked 
|  57|0x000000074a500000, 0x000000074a500000, 0x000000074a600000|  0%| F|  |TAMS 0x000000074a500000, 0x000000074a500000| Untracked 
|  58|0x000000074a600000, 0x000000074a600000, 0x000000074a700000|  0%| F|  |TAMS 0x000000074a600000, 0x000000074a600000| Untracked 
|  59|0x000000074a700000, 0x000000074a700000, 0x000000074a800000|  0%| F|  |TAMS 0x000000074a700000, 0x000000074a700000| Untracked 
|  60|0x000000074a800000, 0x000000074a800000, 0x000000074a900000|  0%| F|  |TAMS 0x000000074a800000, 0x000000074a800000| Untracked 
|  61|0x000000074a900000, 0x000000074a900000, 0x000000074aa00000|  0%| F|  |TAMS 0x000000074a900000, 0x000000074a900000| Untracked 
|  62|0x000000074aa00000, 0x000000074aa00000, 0x000000074ab00000|  0%| F|  |TAMS 0x000000074aa00000, 0x000000074aa00000| Untracked 
|  63|0x000000074ab00000, 0x000000074ab00000, 0x000000074ac00000|  0%| F|  |TAMS 0x000000074ab00000, 0x000000074ab00000| Untracked 
|  64|0x000000074ac00000, 0x000000074ac00000, 0x000000074ad00000|  0%| F|  |TAMS 0x000000074ac00000, 0x000000074ac00000| Untracked 
|  65|0x000000074ad00000, 0x000000074ad00000, 0x000000074ae00000|  0%| F|  |TAMS 0x000000074ad00000, 0x000000074ad00000| Untracked 
|  66|0x000000074ae00000, 0x000000074ae00000, 0x000000074af00000|  0%| F|  |TAMS 0x000000074ae00000, 0x000000074ae00000| Untracked 
|  67|0x000000074af00000, 0x000000074af00000, 0x000000074b000000|  0%| F|  |TAMS 0x000000074af00000, 0x000000074af00000| Untracked 
|  68|0x000000074b000000, 0x000000074b000000, 0x000000074b100000|  0%| F|  |TAMS 0x000000074b000000, 0x000000074b000000| Untracked 
|  69|0x000000074b100000, 0x000000074b100000, 0x000000074b200000|  0%| F|  |TAMS 0x000000074b100000, 0x000000074b100000| Untracked 
|  70|0x000000074b200000, 0x000000074b200000, 0x000000074b300000|  0%| F|  |TAMS 0x000000074b200000, 0x000000074b200000| Untracked 
|  71|0x000000074b300000, 0x000000074b300000, 0x000000074b400000|  0%| F|  |TAMS 0x000000074b300000, 0x000000074b300000| Untracked 
|  72|0x000000074b400000, 0x000000074b400000, 0x000000074b500000|  0%| F|  |TAMS 0x000000074b400000, 0x000000074b400000| Untracked 
|  73|0x000000074b500000, 0x000000074b500000, 0x000000074b600000|  0%| F|  |TAMS 0x000000074b500000, 0x000000074b500000| Untracked 
|  74|0x000000074b600000, 0x000000074b600000, 0x000000074b700000|  0%| F|  |TAMS 0x000000074b600000, 0x000000074b600000| Untracked 
|  75|0x000000074b700000, 0x000000074b700000, 0x000000074b800000|  0%| F|  |TAMS 0x000000074b700000, 0x000000074b700000| Untracked 
|  76|0x000000074b800000, 0x000000074b800000, 0x000000074b900000|  0%| F|  |TAMS 0x000000074b800000, 0x000000074b800000| Untracked 
|  77|0x000000074b900000, 0x000000074b900000, 0x000000074ba00000|  0%| F|  |TAMS 0x000000074b900000, 0x000000074b900000| Untracked 
|  78|0x000000074ba00000, 0x000000074ba00000, 0x000000074bb00000|  0%| F|  |TAMS 0x000000074ba00000, 0x000000074ba00000| Untracked 
|  79|0x000000074bb00000, 0x000000074bb00000, 0x000000074bc00000|  0%| F|  |TAMS 0x000000074bb00000, 0x000000074bb00000| Untracked 
|  80|0x000000074bc00000, 0x000000074bc00000, 0x000000074bd00000|  0%| F|  |TAMS 0x000000074bc00000, 0x000000074bc00000| Untracked 
|  81|0x000000074bd00000, 0x000000074bd00000, 0x000000074be00000|  0%| F|  |TAMS 0x000000074bd00000, 0x000000074bd00000| Untracked 
|  82|0x000000074be00000, 0x000000074be00000, 0x000000074bf00000|  0%| F|  |TAMS 0x000000074be00000, 0x000000074be00000| Untracked 
|  83|0x000000074bf00000, 0x000000074bf00000, 0x000000074c000000|  0%| F|  |TAMS 0x000000074bf00000, 0x000000074bf00000| Untracked 
|  84|0x000000074c000000, 0x000000074c000000, 0x000000074c100000|  0%| F|  |TAMS 0x000000074c000000, 0x000000074c000000| Untracked 
|  85|0x000000074c100000, 0x000000074c100000, 0x000000074c200000|  0%| F|  |TAMS 0x000000074c100000, 0x000000074c100000| Untracked 
|  86|0x000000074c200000, 0x000000074c200000, 0x000000074c300000|  0%| F|  |TAMS 0x000000074c200000, 0x000000074c200000| Untracked 
|  87|0x000000074c300000, 0x000000074c300000, 0x000000074c400000|  0%| F|  |TAMS 0x000000074c300000, 0x000000074c300000| Untracked 
|  88|0x000000074c400000, 0x000000074c400000, 0x000000074c500000|  0%| F|  |TAMS 0x000000074c400000, 0x000000074c400000| Untracked 
|  89|0x000000074c500000, 0x000000074c500000, 0x000000074c600000|  0%| F|  |TAMS 0x000000074c500000, 0x000000074c500000| Untracked 
|  90|0x000000074c600000, 0x000000074c600000, 0x000000074c700000|  0%| F|  |TAMS 0x000000074c600000, 0x000000074c600000| Untracked 
|  91|0x000000074c700000, 0x000000074c700000, 0x000000074c800000|  0%| F|  |TAMS 0x000000074c700000, 0x000000074c700000| Untracked 
|  92|0x000000074c800000, 0x000000074c800000, 0x000000074c900000|  0%| F|  |TAMS 0x000000074c800000, 0x000000074c800000| Untracked 
|  93|0x000000074c900000, 0x000000074c900000, 0x000000074ca00000|  0%| F|  |TAMS 0x000000074c900000, 0x000000074c900000| Untracked 
|  94|0x000000074ca00000, 0x000000074ca00000, 0x000000074cb00000|  0%| F|  |TAMS 0x000000074ca00000, 0x000000074ca00000| Untracked 
|  95|0x000000074cb00000, 0x000000074cb00000, 0x000000074cc00000|  0%| F|  |TAMS 0x000000074cb00000, 0x000000074cb00000| Untracked 
|  96|0x000000074cc00000, 0x000000074cc00000, 0x000000074cd00000|  0%| F|  |TAMS 0x000000074cc00000, 0x000000074cc00000| Untracked 
|  97|0x000000074cd00000, 0x000000074cd00000, 0x000000074ce00000|  0%| F|  |TAMS 0x000000074cd00000, 0x000000074cd00000| Untracked 
|  98|0x000000074ce00000, 0x000000074ce00000, 0x000000074cf00000|  0%| F|  |TAMS 0x000000074ce00000, 0x000000074ce00000| Untracked 
|  99|0x000000074cf00000, 0x000000074cf00000, 0x000000074d000000|  0%| F|  |TAMS 0x000000074cf00000, 0x000000074cf00000| Untracked 
| 100|0x000000074d000000, 0x000000074d000000, 0x000000074d100000|  0%| F|  |TAMS 0x000000074d000000, 0x000000074d000000| Untracked 
| 101|0x000000074d100000, 0x000000074d100000, 0x000000074d200000|  0%| F|  |TAMS 0x000000074d100000, 0x000000074d100000| Untracked 
| 102|0x000000074d200000, 0x000000074d200000, 0x000000074d300000|  0%| F|  |TAMS 0x000000074d200000, 0x000000074d200000| Untracked 
| 103|0x000000074d300000, 0x000000074d300000, 0x000000074d400000|  0%| F|  |TAMS 0x000000074d300000, 0x000000074d300000| Untracked 
| 104|0x000000074d400000, 0x000000074d400000, 0x000000074d500000|  0%| F|  |TAMS 0x000000074d400000, 0x000000074d400000| Untracked 
| 105|0x000000074d500000, 0x000000074d500000, 0x000000074d600000|  0%| F|  |TAMS 0x000000074d500000, 0x000000074d500000| Untracked 
| 106|0x000000074d600000, 0x000000074d600000, 0x000000074d700000|  0%| F|  |TAMS 0x000000074d600000, 0x000000074d600000| Untracked 
| 107|0x000000074d700000, 0x000000074d700000, 0x000000074d800000|  0%| F|  |TAMS 0x000000074d700000, 0x000000074d700000| Untracked 
| 108|0x000000074d800000, 0x000000074d800000, 0x000000074d900000|  0%| F|  |TAMS 0x000000074d800000, 0x000000074d800000| Untracked 
| 109|0x000000074d900000, 0x000000074d900000, 0x000000074da00000|  0%| F|  |TAMS 0x000000074d900000, 0x000000074d900000| Untracked 
| 110|0x000000074da00000, 0x000000074da00000, 0x000000074db00000|  0%| F|  |TAMS 0x000000074da00000, 0x000000074da00000| Untracked 
| 111|0x000000074db00000, 0x000000074db00000, 0x000000074dc00000|  0%| F|  |TAMS 0x000000074db00000, 0x000000074db00000| Untracked 
| 112|0x000000074dc00000, 0x000000074dc00000, 0x000000074dd00000|  0%| F|  |TAMS 0x000000074dc00000, 0x000000074dc00000| Untracked 
| 113|0x000000074dd00000, 0x000000074dd00000, 0x000000074de00000|  0%| F|  |TAMS 0x000000074dd00000, 0x000000074dd00000| Untracked 
| 114|0x000000074de00000, 0x000000074de00000, 0x000000074df00000|  0%| F|  |TAMS 0x000000074de00000, 0x000000074de00000| Untracked 
| 115|0x000000074df00000, 0x000000074df00000, 0x000000074e000000|  0%| F|  |TAMS 0x000000074df00000, 0x000000074df00000| Untracked 
| 116|0x000000074e000000, 0x000000074e000000, 0x000000074e100000|  0%| F|  |TAMS 0x000000074e000000, 0x000000074e000000| Untracked 
| 117|0x000000074e100000, 0x000000074e100000, 0x000000074e200000|  0%| F|  |TAMS 0x000000074e100000, 0x000000074e100000| Untracked 
| 118|0x000000074e200000, 0x000000074e200000, 0x000000074e300000|  0%| F|  |TAMS 0x000000074e200000, 0x000000074e200000| Untracked 
| 119|0x000000074e300000, 0x000000074e300000, 0x000000074e400000|  0%| F|  |TAMS 0x000000074e300000, 0x000000074e300000| Untracked 
| 120|0x000000074e400000, 0x000000074e400000, 0x000000074e500000|  0%| F|  |TAMS 0x000000074e400000, 0x000000074e400000| Untracked 
| 121|0x000000074e500000, 0x000000074e500000, 0x000000074e600000|  0%| F|  |TAMS 0x000000074e500000, 0x000000074e500000| Untracked 
| 122|0x000000074e600000, 0x000000074e600000, 0x000000074e700000|  0%| F|  |TAMS 0x000000074e600000, 0x000000074e600000| Untracked 
| 123|0x000000074e700000, 0x000000074e700000, 0x000000074e800000|  0%| F|  |TAMS 0x000000074e700000, 0x000000074e700000| Untracked 
| 124|0x000000074e800000, 0x000000074e800000, 0x000000074e900000|  0%| F|  |TAMS 0x000000074e800000, 0x000000074e800000| Untracked 
| 125|0x000000074e900000, 0x000000074e900000, 0x000000074ea00000|  0%| F|  |TAMS 0x000000074e900000, 0x000000074e900000| Untracked 
| 126|0x000000074ea00000, 0x000000074ea00000, 0x000000074eb00000|  0%| F|  |TAMS 0x000000074ea00000, 0x000000074ea00000| Untracked 
| 127|0x000000074eb00000, 0x000000074eb00000, 0x000000074ec00000|  0%| F|  |TAMS 0x000000074eb00000, 0x000000074eb00000| Untracked 
| 128|0x000000074ec00000, 0x000000074ec00000, 0x000000074ed00000|  0%| F|  |TAMS 0x000000074ec00000, 0x000000074ec00000| Untracked 
| 129|0x000000074ed00000, 0x000000074ed00000, 0x000000074ee00000|  0%| F|  |TAMS 0x000000074ed00000, 0x000000074ed00000| Untracked 
| 130|0x000000074ee00000, 0x000000074ee00000, 0x000000074ef00000|  0%| F|  |TAMS 0x000000074ee00000, 0x000000074ee00000| Untracked 
| 131|0x000000074ef00000, 0x000000074ef00000, 0x000000074f000000|  0%| F|  |TAMS 0x000000074ef00000, 0x000000074ef00000| Untracked 
| 132|0x000000074f000000, 0x000000074f000000, 0x000000074f100000|  0%| F|  |TAMS 0x000000074f000000, 0x000000074f000000| Untracked 
| 133|0x000000074f100000, 0x000000074f100000, 0x000000074f200000|  0%| F|  |TAMS 0x000000074f100000, 0x000000074f100000| Untracked 
| 134|0x000000074f200000, 0x000000074f200000, 0x000000074f300000|  0%| F|  |TAMS 0x000000074f200000, 0x000000074f200000| Untracked 
| 135|0x000000074f300000, 0x000000074f300000, 0x000000074f400000|  0%| F|  |TAMS 0x000000074f300000, 0x000000074f300000| Untracked 
| 136|0x000000074f400000, 0x000000074f400000, 0x000000074f500000|  0%| F|  |TAMS 0x000000074f400000, 0x000000074f400000| Untracked 
| 137|0x000000074f500000, 0x000000074f500000, 0x000000074f600000|  0%| F|  |TAMS 0x000000074f500000, 0x000000074f500000| Untracked 
| 138|0x000000074f600000, 0x000000074f600000, 0x000000074f700000|  0%| F|  |TAMS 0x000000074f600000, 0x000000074f600000| Untracked 
| 139|0x000000074f700000, 0x000000074f700000, 0x000000074f800000|  0%| F|  |TAMS 0x000000074f700000, 0x000000074f700000| Untracked 
| 140|0x000000074f800000, 0x000000074f800000, 0x000000074f900000|  0%| F|  |TAMS 0x000000074f800000, 0x000000074f800000| Untracked 
| 141|0x000000074f900000, 0x000000074f900000, 0x000000074fa00000|  0%| F|  |TAMS 0x000000074f900000, 0x000000074f900000| Untracked 
| 142|0x000000074fa00000, 0x000000074fa00000, 0x000000074fb00000|  0%| F|  |TAMS 0x000000074fa00000, 0x000000074fa00000| Untracked 
| 143|0x000000074fb00000, 0x000000074fb00000, 0x000000074fc00000|  0%| F|  |TAMS 0x000000074fb00000, 0x000000074fb00000| Untracked 
| 144|0x000000074fc00000, 0x000000074fc00000, 0x000000074fd00000|  0%| F|  |TAMS 0x000000074fc00000, 0x000000074fc00000| Untracked 
| 145|0x000000074fd00000, 0x000000074fd00000, 0x000000074fe00000|  0%| F|  |TAMS 0x000000074fd00000, 0x000000074fd00000| Untracked 
| 146|0x000000074fe00000, 0x000000074fe00000, 0x000000074ff00000|  0%| F|  |TAMS 0x000000074fe00000, 0x000000074fe00000| Untracked 
| 147|0x000000074ff00000, 0x000000074ff00000, 0x0000000750000000|  0%| F|  |TAMS 0x000000074ff00000, 0x000000074ff00000| Untracked 
| 148|0x0000000750000000, 0x0000000750000000, 0x0000000750100000|  0%| F|  |TAMS 0x0000000750000000, 0x0000000750000000| Untracked 
| 149|0x0000000750100000, 0x0000000750100000, 0x0000000750200000|  0%| F|  |TAMS 0x0000000750100000, 0x0000000750100000| Untracked 
| 150|0x0000000750200000, 0x0000000750200000, 0x0000000750300000|  0%| F|  |TAMS 0x0000000750200000, 0x0000000750200000| Untracked 
| 151|0x0000000750300000, 0x0000000750300000, 0x0000000750400000|  0%| F|  |TAMS 0x0000000750300000, 0x0000000750300000| Untracked 
| 152|0x0000000750400000, 0x0000000750400000, 0x0000000750500000|  0%| F|  |TAMS 0x0000000750400000, 0x0000000750400000| Untracked 
| 153|0x0000000750500000, 0x0000000750500000, 0x0000000750600000|  0%| F|  |TAMS 0x0000000750500000, 0x0000000750500000| Untracked 
| 154|0x0000000750600000, 0x0000000750600000, 0x0000000750700000|  0%| F|  |TAMS 0x0000000750600000, 0x0000000750600000| Untracked 
| 155|0x0000000750700000, 0x0000000750700000, 0x0000000750800000|  0%| F|  |TAMS 0x0000000750700000, 0x0000000750700000| Untracked 
| 156|0x0000000750800000, 0x0000000750800000, 0x0000000750900000|  0%| F|  |TAMS 0x0000000750800000, 0x0000000750800000| Untracked 
| 157|0x0000000750900000, 0x0000000750900000, 0x0000000750a00000|  0%| F|  |TAMS 0x0000000750900000, 0x0000000750900000| Untracked 
| 158|0x0000000750a00000, 0x0000000750a00000, 0x0000000750b00000|  0%| F|  |TAMS 0x0000000750a00000, 0x0000000750a00000| Untracked 
| 159|0x0000000750b00000, 0x0000000750b00000, 0x0000000750c00000|  0%| F|  |TAMS 0x0000000750b00000, 0x0000000750b00000| Untracked 
| 160|0x0000000750c00000, 0x0000000750c00000, 0x0000000750d00000|  0%| F|  |TAMS 0x0000000750c00000, 0x0000000750c00000| Untracked 
| 161|0x0000000750d00000, 0x0000000750d00000, 0x0000000750e00000|  0%| F|  |TAMS 0x0000000750d00000, 0x0000000750d00000| Untracked 
| 162|0x0000000750e00000, 0x0000000750e00000, 0x0000000750f00000|  0%| F|  |TAMS 0x0000000750e00000, 0x0000000750e00000| Untracked 
| 163|0x0000000750f00000, 0x0000000750f00000, 0x0000000751000000|  0%| F|  |TAMS 0x0000000750f00000, 0x0000000750f00000| Untracked 
| 164|0x0000000751000000, 0x0000000751000000, 0x0000000751100000|  0%| F|  |TAMS 0x0000000751000000, 0x0000000751000000| Untracked 
| 165|0x0000000751100000, 0x0000000751100000, 0x0000000751200000|  0%| F|  |TAMS 0x0000000751100000, 0x0000000751100000| Untracked 
| 166|0x0000000751200000, 0x0000000751200000, 0x0000000751300000|  0%| F|  |TAMS 0x0000000751200000, 0x0000000751200000| Untracked 
| 167|0x0000000751300000, 0x0000000751300000, 0x0000000751400000|  0%| F|  |TAMS 0x0000000751300000, 0x0000000751300000| Untracked 
| 168|0x0000000751400000, 0x0000000751400000, 0x0000000751500000|  0%| F|  |TAMS 0x0000000751400000, 0x0000000751400000| Untracked 
| 169|0x0000000751500000, 0x0000000751500000, 0x0000000751600000|  0%| F|  |TAMS 0x0000000751500000, 0x0000000751500000| Untracked 
| 170|0x0000000751600000, 0x0000000751600000, 0x0000000751700000|  0%| F|  |TAMS 0x0000000751600000, 0x0000000751600000| Untracked 
| 171|0x0000000751700000, 0x0000000751700000, 0x0000000751800000|  0%| F|  |TAMS 0x0000000751700000, 0x0000000751700000| Untracked 
| 172|0x0000000751800000, 0x0000000751800000, 0x0000000751900000|  0%| F|  |TAMS 0x0000000751800000, 0x0000000751800000| Untracked 
| 173|0x0000000751900000, 0x0000000751900000, 0x0000000751a00000|  0%| F|  |TAMS 0x0000000751900000, 0x0000000751900000| Untracked 
| 174|0x0000000751a00000, 0x0000000751a00000, 0x0000000751b00000|  0%| F|  |TAMS 0x0000000751a00000, 0x0000000751a00000| Untracked 
| 175|0x0000000751b00000, 0x0000000751b00000, 0x0000000751c00000|  0%| F|  |TAMS 0x0000000751b00000, 0x0000000751b00000| Untracked 
| 176|0x0000000751c00000, 0x0000000751c00000, 0x0000000751d00000|  0%| F|  |TAMS 0x0000000751c00000, 0x0000000751c00000| Untracked 
| 177|0x0000000751d00000, 0x0000000751d00000, 0x0000000751e00000|  0%| F|  |TAMS 0x0000000751d00000, 0x0000000751d00000| Untracked 
| 178|0x0000000751e00000, 0x0000000751e00000, 0x0000000751f00000|  0%| F|  |TAMS 0x0000000751e00000, 0x0000000751e00000| Untracked 
| 179|0x0000000751f00000, 0x0000000751f00000, 0x0000000752000000|  0%| F|  |TAMS 0x0000000751f00000, 0x0000000751f00000| Untracked 
| 180|0x0000000752000000, 0x0000000752000000, 0x0000000752100000|  0%| F|  |TAMS 0x0000000752000000, 0x0000000752000000| Untracked 
| 181|0x0000000752100000, 0x0000000752100000, 0x0000000752200000|  0%| F|  |TAMS 0x0000000752100000, 0x0000000752100000| Untracked 
| 182|0x0000000752200000, 0x0000000752200000, 0x0000000752300000|  0%| F|  |TAMS 0x0000000752200000, 0x0000000752200000| Untracked 
| 183|0x0000000752300000, 0x0000000752300000, 0x0000000752400000|  0%| F|  |TAMS 0x0000000752300000, 0x0000000752300000| Untracked 
| 184|0x0000000752400000, 0x0000000752400000, 0x0000000752500000|  0%| F|  |TAMS 0x0000000752400000, 0x0000000752400000| Untracked 
| 185|0x0000000752500000, 0x0000000752500000, 0x0000000752600000|  0%| F|  |TAMS 0x0000000752500000, 0x0000000752500000| Untracked 
| 186|0x0000000752600000, 0x0000000752600000, 0x0000000752700000|  0%| F|  |TAMS 0x0000000752600000, 0x0000000752600000| Untracked 
| 187|0x0000000752700000, 0x0000000752700000, 0x0000000752800000|  0%| F|  |TAMS 0x0000000752700000, 0x0000000752700000| Untracked 
| 188|0x0000000752800000, 0x0000000752800000, 0x0000000752900000|  0%| F|  |TAMS 0x0000000752800000, 0x0000000752800000| Untracked 
| 189|0x0000000752900000, 0x0000000752900000, 0x0000000752a00000|  0%| F|  |TAMS 0x0000000752900000, 0x0000000752900000| Untracked 
| 190|0x0000000752a00000, 0x0000000752a00000, 0x0000000752b00000|  0%| F|  |TAMS 0x0000000752a00000, 0x0000000752a00000| Untracked 
| 191|0x0000000752b00000, 0x0000000752b00000, 0x0000000752c00000|  0%| F|  |TAMS 0x0000000752b00000, 0x0000000752b00000| Untracked 
| 192|0x0000000752c00000, 0x0000000752c00000, 0x0000000752d00000|  0%| F|  |TAMS 0x0000000752c00000, 0x0000000752c00000| Untracked 
| 193|0x0000000752d00000, 0x0000000752d00000, 0x0000000752e00000|  0%| F|  |TAMS 0x0000000752d00000, 0x0000000752d00000| Untracked 
| 194|0x0000000752e00000, 0x0000000752e00000, 0x0000000752f00000|  0%| F|  |TAMS 0x0000000752e00000, 0x0000000752e00000| Untracked 
| 195|0x0000000752f00000, 0x0000000752f00000, 0x0000000753000000|  0%| F|  |TAMS 0x0000000752f00000, 0x0000000752f00000| Untracked 
| 196|0x0000000753000000, 0x0000000753000000, 0x0000000753100000|  0%| F|  |TAMS 0x0000000753000000, 0x0000000753000000| Untracked 
| 197|0x0000000753100000, 0x0000000753100000, 0x0000000753200000|  0%| F|  |TAMS 0x0000000753100000, 0x0000000753100000| Untracked 
| 198|0x0000000753200000, 0x0000000753200000, 0x0000000753300000|  0%| F|  |TAMS 0x0000000753200000, 0x0000000753200000| Untracked 
| 199|0x0000000753300000, 0x0000000753300000, 0x0000000753400000|  0%| F|  |TAMS 0x0000000753300000, 0x0000000753300000| Untracked 
| 200|0x0000000753400000, 0x0000000753400000, 0x0000000753500000|  0%| F|  |TAMS 0x0000000753400000, 0x0000000753400000| Untracked 
| 201|0x0000000753500000, 0x0000000753500000, 0x0000000753600000|  0%| F|  |TAMS 0x0000000753500000, 0x0000000753500000| Untracked 
| 202|0x0000000753600000, 0x0000000753600000, 0x0000000753700000|  0%| F|  |TAMS 0x0000000753600000, 0x0000000753600000| Untracked 
| 203|0x0000000753700000, 0x0000000753700000, 0x0000000753800000|  0%| F|  |TAMS 0x0000000753700000, 0x0000000753700000| Untracked 
| 204|0x0000000753800000, 0x0000000753800000, 0x0000000753900000|  0%| F|  |TAMS 0x0000000753800000, 0x0000000753800000| Untracked 
| 205|0x0000000753900000, 0x0000000753900000, 0x0000000753a00000|  0%| F|  |TAMS 0x0000000753900000, 0x0000000753900000| Untracked 
| 206|0x0000000753a00000, 0x0000000753a00000, 0x0000000753b00000|  0%| F|  |TAMS 0x0000000753a00000, 0x0000000753a00000| Untracked 
| 207|0x0000000753b00000, 0x0000000753b00000, 0x0000000753c00000|  0%| F|  |TAMS 0x0000000753b00000, 0x0000000753b00000| Untracked 
| 208|0x0000000753c00000, 0x0000000753c00000, 0x0000000753d00000|  0%| F|  |TAMS 0x0000000753c00000, 0x0000000753c00000| Untracked 
| 209|0x0000000753d00000, 0x0000000753de7090, 0x0000000753e00000| 90%| S|CS|TAMS 0x0000000753d00000, 0x0000000753d00000| Complete 
| 210|0x0000000753e00000, 0x0000000753f00000, 0x0000000753f00000|100%| S|CS|TAMS 0x0000000753e00000, 0x0000000753e00000| Complete 
| 211|0x0000000753f00000, 0x0000000754000000, 0x0000000754000000|100%| S|CS|TAMS 0x0000000753f00000, 0x0000000753f00000| Complete 
| 212|0x0000000754000000, 0x0000000754100000, 0x0000000754100000|100%| S|CS|TAMS 0x0000000754000000, 0x0000000754000000| Complete 
| 213|0x0000000754100000, 0x0000000754200000, 0x0000000754200000|100%| S|CS|TAMS 0x0000000754100000, 0x0000000754100000| Complete 
| 214|0x0000000754200000, 0x0000000754300000, 0x0000000754300000|100%| S|CS|TAMS 0x0000000754200000, 0x0000000754200000| Complete 
| 215|0x0000000754300000, 0x0000000754400000, 0x0000000754400000|100%| S|CS|TAMS 0x0000000754300000, 0x0000000754300000| Complete 
| 216|0x0000000754400000, 0x0000000754500000, 0x0000000754500000|100%| S|CS|TAMS 0x0000000754400000, 0x0000000754400000| Complete 
| 217|0x0000000754500000, 0x0000000754600000, 0x0000000754600000|100%| S|CS|TAMS 0x0000000754500000, 0x0000000754500000| Complete 
| 218|0x0000000754600000, 0x0000000754700000, 0x0000000754700000|100%| S|CS|TAMS 0x0000000754600000, 0x0000000754600000| Complete 
| 219|0x0000000754700000, 0x0000000754800000, 0x0000000754800000|100%| S|CS|TAMS 0x0000000754700000, 0x0000000754700000| Complete 
| 220|0x0000000754800000, 0x0000000754800000, 0x0000000754900000|  0%| F|  |TAMS 0x0000000754800000, 0x0000000754800000| Untracked 
| 221|0x0000000754900000, 0x0000000754900000, 0x0000000754a00000|  0%| F|  |TAMS 0x0000000754900000, 0x0000000754900000| Untracked 
| 222|0x0000000754a00000, 0x0000000754a00000, 0x0000000754b00000|  0%| F|  |TAMS 0x0000000754a00000, 0x0000000754a00000| Untracked 
| 223|0x0000000754b00000, 0x0000000754b00000, 0x0000000754c00000|  0%| F|  |TAMS 0x0000000754b00000, 0x0000000754b00000| Untracked 
| 224|0x0000000754c00000, 0x0000000754c00000, 0x0000000754d00000|  0%| F|  |TAMS 0x0000000754c00000, 0x0000000754c00000| Untracked 
| 225|0x0000000754d00000, 0x0000000754d00000, 0x0000000754e00000|  0%| F|  |TAMS 0x0000000754d00000, 0x0000000754d00000| Untracked 
| 226|0x0000000754e00000, 0x0000000754e00000, 0x0000000754f00000|  0%| F|  |TAMS 0x0000000754e00000, 0x0000000754e00000| Untracked 
| 227|0x0000000754f00000, 0x0000000754f00000, 0x0000000755000000|  0%| F|  |TAMS 0x0000000754f00000, 0x0000000754f00000| Untracked 
| 228|0x0000000755000000, 0x0000000755000000, 0x0000000755100000|  0%| F|  |TAMS 0x0000000755000000, 0x0000000755000000| Untracked 
| 229|0x0000000755100000, 0x0000000755100000, 0x0000000755200000|  0%| F|  |TAMS 0x0000000755100000, 0x0000000755100000| Untracked 
| 230|0x0000000755200000, 0x0000000755200000, 0x0000000755300000|  0%| F|  |TAMS 0x0000000755200000, 0x0000000755200000| Untracked 
| 231|0x0000000755300000, 0x0000000755300000, 0x0000000755400000|  0%| F|  |TAMS 0x0000000755300000, 0x0000000755300000| Untracked 
| 232|0x0000000755400000, 0x0000000755400000, 0x0000000755500000|  0%| F|  |TAMS 0x0000000755400000, 0x0000000755400000| Untracked 
| 233|0x0000000755500000, 0x0000000755500000, 0x0000000755600000|  0%| F|  |TAMS 0x0000000755500000, 0x0000000755500000| Untracked 
| 234|0x0000000755600000, 0x0000000755600000, 0x0000000755700000|  0%| F|  |TAMS 0x0000000755600000, 0x0000000755600000| Untracked 
| 235|0x0000000755700000, 0x0000000755700000, 0x0000000755800000|  0%| F|  |TAMS 0x0000000755700000, 0x0000000755700000| Untracked 
| 236|0x0000000755800000, 0x0000000755800000, 0x0000000755900000|  0%| F|  |TAMS 0x0000000755800000, 0x0000000755800000| Untracked 
| 237|0x0000000755900000, 0x0000000755900000, 0x0000000755a00000|  0%| F|  |TAMS 0x0000000755900000, 0x0000000755900000| Untracked 
| 238|0x0000000755a00000, 0x0000000755a00000, 0x0000000755b00000|  0%| F|  |TAMS 0x0000000755a00000, 0x0000000755a00000| Untracked 
| 239|0x0000000755b00000, 0x0000000755b00000, 0x0000000755c00000|  0%| F|  |TAMS 0x0000000755b00000, 0x0000000755b00000| Untracked 
| 240|0x0000000755c00000, 0x0000000755c00000, 0x0000000755d00000|  0%| F|  |TAMS 0x0000000755c00000, 0x0000000755c00000| Untracked 
| 241|0x0000000755d00000, 0x0000000755d00000, 0x0000000755e00000|  0%| F|  |TAMS 0x0000000755d00000, 0x0000000755d00000| Untracked 
| 242|0x0000000755e00000, 0x0000000755e00000, 0x0000000755f00000|  0%| F|  |TAMS 0x0000000755e00000, 0x0000000755e00000| Untracked 
| 243|0x0000000755f00000, 0x0000000756000000, 0x0000000756000000|100%| E|  |TAMS 0x0000000755f00000, 0x0000000755f00000| Complete 
|1938|0x00000007bfe00000, 0x00000007bfe47000, 0x00000007bff00000| 27%|OA|  |TAMS 0x00000007bfe47000, 0x00000007bfe47000| Untracked 
|1939|0x00000007bff00000, 0x00000007bff6a000, 0x00000007c0000000| 41%|CA|  |TAMS 0x00000007bff6a000, 0x00000007bff6a000| Untracked 

Card table byte_map: [0x00007f808c7c5000,0x00007f808cd8f000] _byte_map_base: 0x00007f8088d8f000

Marking Bits (Prev, Next): (CMBitMap*) 0x00007f808806ad90, (CMBitMap*) 0x00007f808806ad58
 Prev Bits: [0x00007f8066360000, 0x00007f80691b0000)
 Next Bits: [0x00007f80691b0000, 0x00007f806c000000)

Polling page: 0x00007f808daaf000

Metaspace:

Usage:
  Non-class:     30,16 MB capacity,    29,51 MB ( 98%) used,   548,12 KB (  2%) free+waste,   123,81 KB ( <1%) overhead. 
      Class:      4,61 MB capacity,     4,19 MB ( 91%) used,   362,82 KB (  8%) free+waste,    58,69 KB (  1%) overhead. 
       Both:     34,77 MB capacity,    33,70 MB ( 97%) used,   910,94 KB (  3%) free+waste,   182,50 KB ( <1%) overhead. 

Virtual space:
  Non-class space:       32,00 MB reserved,      30,42 MB ( 95%) committed 
      Class space:        1,00 GB reserved,       4,62 MB ( <1%) committed 
             Both:        1,03 GB reserved,      35,04 MB (  3%) committed 

Chunk freelists:
   Non-Class:  110,00 KB
       Class:  19,00 KB
        Both:  129,00 KB

MaxMetaspaceSize: unlimited
CompressedClassSpaceSize: 1,00 GB

CodeHeap 'non-profiled nmethods': size=120032Kb used=1619Kb max_used=1619Kb free=118413Kb
 bounds [0x00007f80783ca000, 0x00007f807863a000, 0x00007f807f902000]
CodeHeap 'profiled nmethods': size=120032Kb used=7883Kb max_used=7883Kb free=112148Kb
 bounds [0x00007f8070e92000, 0x00007f8071652000, 0x00007f80783ca000]
CodeHeap 'non-nmethods': size=5696Kb used=1208Kb max_used=1261Kb free=4487Kb
 bounds [0x00007f8070902000, 0x00007f8070b72000, 0x00007f8070e92000]
 total_blobs=3995 nmethods=3511 adapters=404
 compilation: enabled
              stopped_count=0, restarted_count=0
 full_count=0

Compilation events (20 events):
Event: 4,072 Thread 0x00007f8088170800 3653       2       org.springframework.aop.aspectj.annotation.AnnotationAwareAspectJAutoProxyCreator::findCandidateAdvisors (28 bytes)
Event: 4,073 Thread 0x00007f8088170800 nmethod 3653 0x00007f8071641110 code [0x00007f8071641300, 0x00007f8071641590]
Event: 4,073 Thread 0x00007f8088170800 3654       2       org.springframework.aop.framework.autoproxy.AbstractAdvisorAutoProxyCreator$BeanFactoryAdvisorRetrievalHelperAdapter::isEligibleBean (9 bytes)
Event: 4,073 Thread 0x00007f8088170800 nmethod 3654 0x00007f8071641790 code [0x00007f8071641940, 0x00007f8071641aa0]
Event: 4,073 Thread 0x00007f8088170800 3655       2       org.springframework.beans.factory.support.DefaultSingletonBeanRegistry::isCurrentlyInCreation (33 bytes)
Event: 4,073 Thread 0x00007f8088170800 nmethod 3655 0x00007f8071641b90 code [0x00007f8071641d80, 0x00007f8071642000]
Event: 4,073 Thread 0x00007f8088170800 3656       2       org.springframework.beans.factory.support.AbstractBeanFactory::isActuallyInCreation (22 bytes)
Event: 4,073 Thread 0x00007f8088170800 nmethod 3656 0x00007f8071642110 code [0x00007f80716422e0, 0x00007f8071642490]
Event: 4,074 Thread 0x00007f8088170800 3657       1       org.springframework.beans.factory.support.AbstractAutowireCapableBeanFactory::getParameterNameDiscoverer (5 bytes)
Event: 4,074 Thread 0x00007f8088170800 nmethod 3657 0x00007f80783f4710 code [0x00007f80783f48c0, 0x00007f80783f4990]
Event: 4,075 Thread 0x00007f8088170800 3658       2       java.util.HashMap$Values::iterator (12 bytes)
Event: 4,076 Thread 0x00007f8088170800 nmethod 3658 0x00007f8071642590 code [0x00007f8071642740, 0x00007f8071642960]
Event: 4,077 Thread 0x00007f8088170800 3659       2       org.springframework.beans.factory.support.RootBeanDefinition::<init> (48 bytes)
Event: 4,078 Thread 0x00007f8088170800 nmethod 3659 0x00007f8071642a10 code [0x00007f8071642be0, 0x00007f8071642ee0]
Event: 4,083 Thread 0x00007f8088170800 3660       2       sun.reflect.generics.scope.ClassScope::make (9 bytes)
Event: 4,083 Thread 0x00007f8088170800 nmethod 3660 0x00007f8071643010 code [0x00007f80716431c0, 0x00007f8071643350]
Event: 4,083 Thread 0x00007f8088170800 3661       2       sun.reflect.generics.scope.ClassScope::<init> (6 bytes)
Event: 4,083 Thread 0x00007f8088170800 nmethod 3661 0x00007f8071643410 code [0x00007f80716435c0, 0x00007f8071643730]
Event: 4,084 Thread 0x00007f8088170800 3662       2       org.springframework.core.BridgeMethodResolver::isBridgedCandidateFor (46 bytes)
Event: 4,084 Thread 0x00007f8088170800 nmethod 3662 0x00007f8071643810 code [0x00007f80716439e0, 0x00007f8071643bb0]

GC Heap History (14 events):
Event: 0,401 GC heap before
{Heap before GC invocations=0 (full 0):
 garbage-first heap   total 192512K, used 15044K [0x0000000746c00000, 0x0000000800000000)
  region size 1024K, 14 young (14336K), 0 survivors (0K)
 Metaspace       used 2523K, capacity 5700K, committed 6016K, reserved 1056768K
  class space    used 247K, capacity 540K, committed 640K, reserved 1048576K
}
Event: 0,414 GC heap after
{Heap after GC invocations=1 (full 0):
 garbage-first heap   total 192512K, used 6388K [0x0000000746c00000, 0x0000000800000000)
  region size 1024K, 2 young (2048K), 2 survivors (2048K)
 Metaspace       used 2523K, capacity 5700K, committed 6016K, reserved 1056768K
  class space    used 247K, capacity 540K, committed 640K, reserved 1048576K
}
Event: 0,622 GC heap before
{Heap before GC invocations=1 (full 0):
 garbage-first heap   total 192512K, used 55540K [0x0000000746c00000, 0x0000000800000000)
  region size 1024K, 51 young (52224K), 2 survivors (2048K)
 Metaspace       used 4732K, capacity 6856K, committed 6912K, reserved 1056768K
  class space    used 524K, capacity 716K, committed 768K, reserved 1048576K
}
Event: 0,628 GC heap after
{Heap after GC invocations=2 (full 0):
 garbage-first heap   total 192512K, used 6811K [0x0000000746c00000, 0x0000000800000000)
  region size 1024K, 3 young (3072K), 3 survivors (3072K)
 Metaspace       used 4732K, capacity 6856K, committed 6912K, reserved 1056768K
  class space    used 524K, capacity 716K, committed 768K, reserved 1048576K
}
Event: 1,195 GC heap before
{Heap before GC invocations=2 (full 0):
 garbage-first heap   total 192512K, used 60059K [0x0000000746c00000, 0x0000000800000000)
  region size 1024K, 56 young (57344K), 3 survivors (3072K)
 Metaspace       used 14248K, capacity 14947K, committed 15104K, reserved 1062912K
  class space    used 1778K, capacity 1988K, committed 2048K, reserved 1048576K
}
Event: 1,206 GC heap after
{Heap after GC invocations=3 (full 0):
 garbage-first heap   total 192512K, used 8647K [0x0000000746c00000, 0x0000000800000000)
  region size 1024K, 5 young (5120K), 5 survivors (5120K)
 Metaspace       used 14248K, capacity 14947K, committed 15104K, reserved 1062912K
  class space    used 1778K, capacity 1988K, committed 2048K, reserved 1048576K
}
Event: 1,824 GC heap before
{Heap before GC invocations=3 (full 0):
 garbage-first heap   total 192512K, used 79303K [0x0000000746c00000, 0x0000000800000000)
  region size 1024K, 75 young (76800K), 5 survivors (5120K)
 Metaspace       used 17590K, capacity 18258K, committed 18304K, reserved 1064960K
  class space    used 2151K, capacity 2394K, committed 2432K, reserved 1048576K
}
Event: 1,834 GC heap after
{Heap after GC invocations=4 (full 0):
 garbage-first heap   total 192512K, used 10789K [0x0000000746c00000, 0x0000000800000000)
  region size 1024K, 7 young (7168K), 7 survivors (7168K)
 Metaspace       used 17590K, capacity 18258K, committed 18304K, reserved 1064960K
  class space    used 2151K, capacity 2394K, committed 2432K, reserved 1048576K
}
Event: 2,372 GC heap before
{Heap before GC invocations=4 (full 0):
 garbage-first heap   total 192512K, used 38437K [0x0000000746c00000, 0x0000000800000000)
  region size 1024K, 35 young (35840K), 7 survivors (7168K)
 Metaspace       used 20391K, capacity 21108K, committed 21248K, reserved 1067008K
  class space    used 2528K, capacity 2803K, committed 2816K, reserved 1048576K
}
Event: 2,393 GC heap after
{Heap after GC invocations=5 (full 0):
 garbage-first heap   total 251904K, used 11725K [0x0000000746c00000, 0x0000000800000000)
  region size 1024K, 8 young (8192K), 8 survivors (8192K)
 Metaspace       used 20391K, capacity 21108K, committed 21248K, reserved 1067008K
  class space    used 2528K, capacity 2803K, committed 2816K, reserved 1048576K
}
Event: 3,741 GC heap before
{Heap before GC invocations=6 (full 0):
 garbage-first heap   total 251904K, used 153037K [0x0000000746c00000, 0x0000000800000000)
  region size 1024K, 147 young (150528K), 8 survivors (8192K)
 Metaspace       used 30556K, capacity 31559K, committed 31872K, reserved 1077248K
  class space    used 3728K, capacity 4142K, committed 4224K, reserved 1048576K
}
Event: 3,763 GC heap after
{Heap after GC invocations=7 (full 0):
 garbage-first heap   total 251904K, used 15881K [0x0000000746c00000, 0x0000000800000000)
  region size 1024K, 12 young (12288K), 12 survivors (12288K)
 Metaspace       used 30556K, capacity 31559K, committed 31872K, reserved 1077248K
  class space    used 3728K, capacity 4142K, committed 4224K, reserved 1048576K
}
Event: 4,085 GC heap before
{Heap before GC invocations=7 (full 0):
 garbage-first heap   total 251904K, used 39433K [0x0000000746c00000, 0x0000000800000000)
  region size 1024K, 36 young (36864K), 12 survivors (12288K)
 Metaspace       used 34428K, capacity 35465K, committed 35628K, reserved 1081344K
  class space    used 4279K, capacity 4714K, committed 4736K, reserved 1048576K
}
Event: 4,105 GC heap after
{Heap after GC invocations=8 (full 0):
 garbage-first heap   total 251904K, used 17443K [0x0000000746c00000, 0x0000000800000000)
  region size 1024K, 11 young (11264K), 11 survivors (11264K)
 Metaspace       used 34428K, capacity 35465K, committed 35628K, reserved 1081344K
  class space    used 4279K, capacity 4714K, committed 4736K, reserved 1048576K
}

Deoptimization events (20 events):
Event: 4,079 Thread 0x00007f7ffd007800 DEOPT PACKING pc=0x00007f8070f69384 sp=0x00007f8054829280
Event: 4,079 Thread 0x00007f7ffd007800 DEOPT UNPACKING pc=0x00007f8070938e3a sp=0x00007f8054828758 mode 1
Event: 4,079 Thread 0x00007f7ffd007800 DEOPT PACKING pc=0x00007f80710299d4 sp=0x00007f8054829a20
Event: 4,079 Thread 0x00007f7ffd007800 DEOPT UNPACKING pc=0x00007f8070938e3a sp=0x00007f8054828f30 mode 1
Event: 4,082 Thread 0x00007f7ffd007800 DEOPT PACKING pc=0x00007f8070fc2cdc sp=0x00007f8054829210
Event: 4,082 Thread 0x00007f7ffd007800 DEOPT UNPACKING pc=0x00007f8070938e3a sp=0x00007f80548286c8 mode 1
Event: 4,082 Thread 0x00007f7ffd007800 DEOPT PACKING pc=0x00007f8070f69384 sp=0x00007f80548292e0
Event: 4,082 Thread 0x00007f7ffd007800 DEOPT UNPACKING pc=0x00007f8070938e3a sp=0x00007f80548287b8 mode 1
Event: 4,082 Thread 0x00007f7ffd007800 DEOPT PACKING pc=0x00007f80710299d4 sp=0x00007f8054829a80
Event: 4,082 Thread 0x00007f7ffd007800 DEOPT UNPACKING pc=0x00007f8070938e3a sp=0x00007f8054828f90 mode 1
Event: 4,082 Thread 0x00007f7ffd007800 DEOPT PACKING pc=0x00007f8070fc2cdc sp=0x00007f8054829210
Event: 4,082 Thread 0x00007f7ffd007800 DEOPT UNPACKING pc=0x00007f8070938e3a sp=0x00007f80548286c8 mode 1
Event: 4,082 Thread 0x00007f7ffd007800 DEOPT PACKING pc=0x00007f8070f69384 sp=0x00007f80548292e0
Event: 4,082 Thread 0x00007f7ffd007800 DEOPT UNPACKING pc=0x00007f8070938e3a sp=0x00007f80548287b8 mode 1
Event: 4,082 Thread 0x00007f7ffd007800 DEOPT PACKING pc=0x00007f80710299d4 sp=0x00007f8054829a80
Event: 4,082 Thread 0x00007f7ffd007800 DEOPT UNPACKING pc=0x00007f8070938e3a sp=0x00007f8054828f90 mode 1
Event: 4,110 Thread 0x00007f8008003800 DEOPT PACKING pc=0x00007f807137ff04 sp=0x00007f8056375660
Event: 4,110 Thread 0x00007f8008003800 DEOPT UNPACKING pc=0x00007f8070938e3a sp=0x00007f8056374bb8 mode 1
Event: 4,110 Thread 0x00007f8008003800 DEOPT PACKING pc=0x00007f807137ff04 sp=0x00007f8056375660
Event: 4,110 Thread 0x00007f8008003800 DEOPT UNPACKING pc=0x00007f8070938e3a sp=0x00007f8056374bb8 mode 1

Classes redefined (0 events):
No events

Internal exceptions (20 events):
Event: 2,855 Thread 0x00007f8008003800 Exception <a 'java/lang/NoSuchMethodError'{0x0000000754b380e8}: 'void java.lang.invoke.DirectMethodHandle$Holder.invokeInterface(java.lang.Object, java.lang.Object, int)'> (0x0000000754b380e8) thrown at [src/hotspot/share/interpreter/linkResolver.cpp, line 772]
Event: 2,861 Thread 0x00007f8008003800 Exception <a 'java/lang/IncompatibleClassChangeError'{0x0000000754b839d0}: Found class java.lang.Object, but interface was expected> (0x0000000754b839d0) thrown at [src/hotspot/share/interpreter/linkResolver.cpp, line 839]
Event: 2,862 Thread 0x00007f8008003800 Exception <a 'java/lang/NoSuchMethodError'{0x0000000754b88858}: 'void java.lang.invoke.DirectMethodHandle$Holder.invokeStatic(java.lang.Object, int, java.lang.Object)'> (0x0000000754b88858) thrown at [src/hotspot/share/interpreter/linkResolver.cpp, line 772]
Event: 3,232 Thread 0x00007f8008003800 Implicit null exception at 0x00007f807847a050 to 0x00007f807847f960
Event: 3,282 Thread 0x00007f8008003800 Exception <a 'java/io/FileNotFoundException'{0x000000074e3bd1a8}> (0x000000074e3bd1a8) thrown at [src/hotspot/share/prims/jni.cpp, line 615]
Event: 3,297 Thread 0x00007f8008003800 Exception <a 'java/lang/NoSuchMethodError'{0x000000074e13d240}: 'int java.lang.invoke.DirectMethodHandle$Holder.invokeInterface(java.lang.Object, java.lang.Object, java.lang.Object, java.lang.Object)'> (0x000000074e13d240) thrown at [src/hotspot/share/interpreter/linkResolver.cpp, line 772]
Event: 3,329 Thread 0x00007f8008003800 Exception <a 'java/lang/NoSuchMethodError'{0x000000074e0657b8}: 'void java.lang.invoke.DirectMethodHandle$Holder.invokeVirtual(java.lang.Object, java.lang.Object, java.lang.Object, java.lang.Object)'> (0x000000074e0657b8) thrown at [src/hotspot/share/interpreter/linkResolver.cpp, line 772]
Event: 3,522 Thread 0x00007f8008003800 Exception <a 'java/lang/NoSuchMethodError'{0x000000074d87af48}: 'java.lang.Object java.lang.invoke.DirectMethodHandle$Holder.invokeStaticInit(java.lang.Object, java.lang.Object, java.lang.Object, java.lang.Object)'> (0x000000074d87af48) thrown at [src/hotspot/share/interpreter/linkResolver.cpp, line 772]
Event: 3,586 Thread 0x00007f8008003800 Exception <a 'java/io/FileNotFoundException'{0x000000074d565ed8}> (0x000000074d565ed8) thrown at [src/hotspot/share/prims/jni.cpp, line 615]
Event: 3,769 Thread 0x00007f8008003800 Exception <a 'java/lang/NoSuchMethodError'{0x0000000755f16290}: 'void java.lang.invoke.DirectMethodHandle$Holder.invokeVirtual(java.lang.Object, java.lang.Object, int)'> (0x0000000755f16290) thrown at [src/hotspot/share/interpreter/linkResolver.cpp, line 772]
Event: 3,977 Thread 0x00007f8008003800 Exception <a 'java/lang/ClassNotFoundException'{0x000000075526f908}: java/lang/ObjectCustomizer> (0x000000075526f908) thrown at [src/hotspot/share/classfile/systemDictionary.cpp, line 231]
Event: 3,979 Thread 0x00007f8008003800 Exception <a 'java/lang/ClassNotFoundException'{0x0000000755103308}: org/springframework/web/servlet/config/annotation/WebMvcConfigurationSupportCustomizer> (0x0000000755103308) thrown at [src/hotspot/share/classfile/systemDictionary.cpp, line 231]
Event: 3,981 Thread 0x00007f8008003800 Exception <a 'java/lang/ClassNotFoundException'{0x00000007551216f8}: org/springframework/web/servlet/config/annotation/DelegatingWebMvcConfigurationCustomizer> (0x00000007551216f8) thrown at [src/hotspot/share/classfile/systemDictionary.cpp, line 231]
Event: 3,982 Thread 0x00007f8008003800 Exception <a 'java/lang/ClassNotFoundException'{0x00000007551383e0}: org/springframework/boot/autoconfigure/web/servlet/WebMvcAutoConfiguration$EnableWebMvcConfigurationCustomizer> (0x00000007551383e0) thrown at [src/hotspot/share/classfile/systemDictionary.cpp, line 231]
Event: 3,983 Thread 0x00007f8008003800 Exception <a 'java/lang/ClassNotFoundException'{0x00000007551522e8}: org/springframework/context/ResourceLoaderAwareCustomizer> (0x00000007551522e8) thrown at [src/hotspot/share/classfile/systemDictionary.cpp, line 231]
Event: 3,985 Thread 0x00007f8008003800 Exception <a 'java/lang/ClassNotFoundException'{0x000000075515f058}: org/springframework/beans/factory/AwareCustomizer> (0x000000075515f058) thrown at [src/hotspot/share/classfile/systemDictionary.cpp, line 231]
Event: 3,986 Thread 0x00007f8008003800 Exception <a 'java/lang/ClassNotFoundException'{0x000000075516c9b0}: org/springframework/context/ApplicationContextAwareCustomizer> (0x000000075516c9b0) thrown at [src/hotspot/share/classfile/systemDictionary.cpp, line 231]
Event: 3,987 Thread 0x00007f8008003800 Exception <a 'java/lang/ClassNotFoundException'{0x000000075517a0b0}: org/springframework/beans/factory/AwareCustomizer> (0x000000075517a0b0) thrown at [src/hotspot/share/classfile/systemDictionary.cpp, line 231]
Event: 3,987 Thread 0x00007f8008003800 Exception <a 'java/lang/ClassNotFoundException'{0x0000000755006ec8}: org/springframework/web/context/ServletContextAwareCustomizer> (0x0000000755006ec8) thrown at [src/hotspot/share/classfile/systemDictionary.cpp, line 231]
Event: 3,988 Thread 0x00007f8008003800 Exception <a 'java/lang/ClassNotFoundException'{0x00000007550140a0}: org/springframework/beans/factory/AwareCustomizer> (0x00000007550140a0) thrown at [src/hotspot/share/classfile/systemDictionary.cpp, line 231]

Events (20 events):
Event: 4,085 Executing VM operation: CollectForMetadataAllocation
Event: 4,105 Executing VM operation: CollectForMetadataAllocation done
Event: 4,106 loading class org/hibernate/cache/spi/access/AccessType
Event: 4,106 loading class org/hibernate/cache/spi/access/AccessType done
Event: 4,106 loading class org/hibernate/cache/cfg/spi/DomainDataRegionConfig
Event: 4,106 loading class org/hibernate/cache/cfg/spi/DomainDataRegionConfig done
Event: 4,106 loading class org/hibernate/cache/cfg/spi/DomainDataRegionBuildingContext
Event: 4,106 loading class org/hibernate/cache/cfg/spi/DomainDataRegionBuildingContext done
Event: 4,106 loading class org/hibernate/cache/spi/DomainDataRegion
Event: 4,106 loading class org/hibernate/cache/spi/DomainDataRegion done
Event: 4,106 loading class org/hibernate/cache/spi/Region
Event: 4,106 loading class org/hibernate/cache/spi/Region done
Event: 4,106 loading class org/hibernate/cache/spi/QueryResultsRegion
Event: 4,106 loading class org/hibernate/cache/spi/QueryResultsRegion done
Event: 4,107 loading class org/hibernate/cache/spi/DirectAccessRegion
Event: 4,107 loading class org/hibernate/cache/spi/DirectAccessRegion done
Event: 4,107 loading class org/hibernate/cache/spi/TimestampsRegion
Event: 4,107 loading class org/hibernate/cache/spi/TimestampsRegion done
Event: 4,107 loading class org/hibernate/boot/internal/MetadataBuilderImpl$MetadataBuildingOptionsImpl$3
Event: 4,107 loading class org/hibernate/boot/internal/MetadataBuilderImpl$MetadataBuildingOptionsImpl$3 done


Dynamic libraries:
746c00000-756000000 rw-p 00000000 00:00 0 
756000000-7bfe00000 ---p 00000000 00:00 0 
7bfe00000-7bfe47000 rw-p 0110e000 08:05 3935412                          /usr/lib/jvm/java-11-openjdk-amd64/lib/server/classes.jsa
7bfe47000-7bff00000 rw-p 00000000 00:00 0 
7bff00000-7bff6a000 rw-p 010a4000 08:05 3935412                          /usr/lib/jvm/java-11-openjdk-amd64/lib/server/classes.jsa
7bff6a000-7c0000000 rw-p 00000000 00:00 0 
7c0000000-800000000 ---p 00000000 00:00 0 
800000000-800002000 rwxp 00001000 08:05 3935412                          /usr/lib/jvm/java-11-openjdk-amd64/lib/server/classes.jsa
800002000-8010a3000 rw-p 00003000 08:05 3935412                          /usr/lib/jvm/java-11-openjdk-amd64/lib/server/classes.jsa
840000000-8404a0000 rw-p 00000000 00:00 0 
8404a0000-880000000 ---p 00000000 00:00 0 
5651e6917000-5651e6918000 r--p 00000000 08:05 3935841                    /usr/lib/jvm/java-11-openjdk-amd64/bin/java
5651e6918000-5651e6919000 r-xp 00001000 08:05 3935841                    /usr/lib/jvm/java-11-openjdk-amd64/bin/java
5651e6919000-5651e691a000 r--p 00002000 08:05 3935841                    /usr/lib/jvm/java-11-openjdk-amd64/bin/java
5651e691a000-5651e691b000 r--p 00002000 08:05 3935841                    /usr/lib/jvm/java-11-openjdk-amd64/bin/java
5651e691b000-5651e691c000 rw-p 00003000 08:05 3935841                    /usr/lib/jvm/java-11-openjdk-amd64/bin/java
5651e889d000-5651e88be000 rw-p 00000000 00:00 0                          [heap]
7f7fec000000-7f7fec021000 rw-p 00000000 00:00 0 
7f7fec021000-7f7ff0000000 ---p 00000000 00:00 0 
7f7ff0000000-7f7ff0179000 rw-p 00000000 00:00 0 
7f7ff0179000-7f7ff4000000 ---p 00000000 00:00 0 
7f7ff4000000-7f7ff4021000 rw-p 00000000 00:00 0 
7f7ff4021000-7f7ff8000000 ---p 00000000 00:00 0 
7f7ff8000000-7f7ff8021000 rw-p 00000000 00:00 0 
7f7ff8021000-7f7ffc000000 ---p 00000000 00:00 0 
7f7ffc000000-7f7ffd060000 rw-p 00000000 00:00 0 
7f7ffd060000-7f8000000000 ---p 00000000 00:00 0 
7f8000000000-7f8000224000 rw-p 00000000 00:00 0 
7f8000224000-7f8004000000 ---p 00000000 00:00 0 
7f8004000000-7f8004021000 rw-p 00000000 00:00 0 
7f8004021000-7f8008000000 ---p 00000000 00:00 0 
7f8008000000-7f8008021000 rw-p 00000000 00:00 0 
7f8008021000-7f800c000000 ---p 00000000 00:00 0 
7f800c000000-7f800c021000 rw-p 00000000 00:00 0 
7f800c021000-7f8010000000 ---p 00000000 00:00 0 
7f8010000000-7f8010021000 rw-p 00000000 00:00 0 
7f8010021000-7f8014000000 ---p 00000000 00:00 0 
7f8014000000-7f8016406000 rw-p 00000000 00:00 0 
7f8016406000-7f8018000000 ---p 00000000 00:00 0 
7f8018000000-7f8018021000 rw-p 00000000 00:00 0 
7f8018021000-7f801c000000 ---p 00000000 00:00 0 
7f801c000000-7f801c021000 rw-p 00000000 00:00 0 
7f801c021000-7f8020000000 ---p 00000000 00:00 0 
7f8020000000-7f8020021000 rw-p 00000000 00:00 0 
7f8020021000-7f8024000000 ---p 00000000 00:00 0 
7f8024000000-7f8024021000 rw-p 00000000 00:00 0 
7f8024021000-7f8028000000 ---p 00000000 00:00 0 
7f8028000000-7f8028021000 rw-p 00000000 00:00 0 
7f8028021000-7f802c000000 ---p 00000000 00:00 0 
7f802c000000-7f802c021000 rw-p 00000000 00:00 0 
7f802c021000-7f8030000000 ---p 00000000 00:00 0 
7f8030000000-7f8030021000 rw-p 00000000 00:00 0 
7f8030021000-7f8034000000 ---p 00000000 00:00 0 
7f8034000000-7f8035163000 rw-p 00000000 00:00 0 
7f8035163000-7f8038000000 ---p 00000000 00:00 0 
7f8038000000-7f8038021000 rw-p 00000000 00:00 0 
7f8038021000-7f803c000000 ---p 00000000 00:00 0 
7f803c000000-7f803c021000 rw-p 00000000 00:00 0 
7f803c021000-7f8040000000 ---p 00000000 00:00 0 
7f8040000000-7f8041af4000 rw-p 00000000 00:00 0 
7f8041af4000-7f8044000000 ---p 00000000 00:00 0 
7f8044000000-7f8044021000 rw-p 00000000 00:00 0 
7f8044021000-7f8048000000 ---p 00000000 00:00 0 
7f8048000000-7f8048021000 rw-p 00000000 00:00 0 
7f8048021000-7f804c000000 ---p 00000000 00:00 0 
7f804c000000-7f804c062000 rw-p 00000000 00:00 0 
7f804c062000-7f8050000000 ---p 00000000 00:00 0 
7f8050000000-7f8050021000 rw-p 00000000 00:00 0 
7f8050021000-7f8054000000 ---p 00000000 00:00 0 
7f805432b000-7f8054396000 rw-p 00000000 00:00 0 
7f8054396000-7f805452b000 ---p 00000000 00:00 0 
7f805452b000-7f805472b000 rw-p 00000000 00:00 0 
7f805472b000-7f805472f000 ---p 00000000 00:00 0 
7f805472f000-7f8054a2c000 rw-p 00000000 00:00 0 
7f8054a2c000-7f8054a30000 ---p 00000000 00:00 0 
7f8054a30000-7f8054d2d000 rw-p 00000000 00:00 0 
7f8054d42000-7f8054d46000 ---p 00000000 00:00 0 
7f8054d46000-7f8054e43000 rw-p 00000000 00:00 0 
7f8054e43000-7f8054e47000 ---p 00000000 00:00 0 
7f8054e47000-7f8054f44000 rw-p 00000000 00:00 0 
7f8054f44000-7f8054f48000 ---p 00000000 00:00 0 
7f8054f48000-7f8055245000 rw-p 00000000 00:00 0 
7f8055245000-7f8055445000 rw-p 00000000 00:00 0 
7f8055445000-7f8055645000 rw-p 00000000 00:00 0 
7f8055645000-7f8055845000 rw-p 00000000 00:00 0 
7f8055878000-7f805587c000 ---p 00000000 00:00 0 
7f805587c000-7f8055b79000 rw-p 00000000 00:00 0 
7f8055b79000-7f8055d79000 rw-p 00000000 00:00 0 
7f8055d79000-7f8055f79000 rw-p 00000000 00:00 0 
7f8055f79000-7f8056179000 rw-p 00000000 00:00 0 
7f8056179000-7f805617d000 ---p 00000000 00:00 0 
7f805617d000-7f805627a000 rw-p 00000000 00:00 0 
7f805627a000-7f805627e000 ---p 00000000 00:00 0 
7f805627e000-7f805637b000 rw-p 00000000 00:00 0 
7f805637b000-7f805637f000 ---p 00000000 00:00 0 
7f805637f000-7f805647c000 rw-p 00000000 00:00 0 
7f805647c000-7f805647d000 ---p 00000000 00:00 0 
7f805647d000-7f805657e000 rw-p 00000000 00:00 0 
7f805657e000-7f805657f000 ---p 00000000 00:00 0 
7f805657f000-7f8056680000 rw-p 00000000 00:00 0 
7f8056680000-7f8056681000 ---p 00000000 00:00 0 
7f8056681000-7f8056782000 rw-p 00000000 00:00 0 
7f8056782000-7f8056783000 ---p 00000000 00:00 0 
7f8056783000-7f8056884000 rw-p 00000000 00:00 0 
7f8056884000-7f8056888000 ---p 00000000 00:00 0 
7f8056888000-7f8056985000 rw-p 00000000 00:00 0 
7f8056985000-7f8056989000 ---p 00000000 00:00 0 
7f8056989000-7f8056a86000 rw-p 00000000 00:00 0 
7f8056a86000-7f8056a87000 ---p 00000000 00:00 0 
7f8056a87000-7f8056b88000 rw-p 00000000 00:00 0 
7f8056b88000-7f8056b8c000 ---p 00000000 00:00 0 
7f8056b8c000-7f8056c89000 rw-p 00000000 00:00 0 
7f8056c89000-7f8056c8d000 ---p 00000000 00:00 0 
7f8056c8d000-7f8056d8a000 rw-p 00000000 00:00 0 
7f8056d8a000-7f8056d8e000 ---p 00000000 00:00 0 
7f8056d8e000-7f8056e8b000 rw-p 00000000 00:00 0 
7f8056e8b000-7f8056e8f000 ---p 00000000 00:00 0 
7f8056e8f000-7f8056f8c000 rw-p 00000000 00:00 0 
7f8056f8c000-7f8056f90000 ---p 00000000 00:00 0 
7f8056f90000-7f805708d000 rw-p 00000000 00:00 0 
7f805708d000-7f8057091000 ---p 00000000 00:00 0 
7f8057091000-7f805718e000 rw-p 00000000 00:00 0 
7f805718e000-7f8057192000 ---p 00000000 00:00 0 
7f8057192000-7f805728f000 rw-p 00000000 00:00 0 
7f805728f000-7f8057800000 r--p 00000000 08:05 3807799                    /usr/lib/locale/locale-archive
7f8057800000-7f8058000000 rw-p 00000000 00:00 0 
7f8058000000-7f8058021000 rw-p 00000000 00:00 0 
7f8058021000-7f805c000000 ---p 00000000 00:00 0 
7f805c000000-7f805c021000 rw-p 00000000 00:00 0 
7f805c021000-7f8060000000 ---p 00000000 00:00 0 
7f8060000000-7f8060021000 rw-p 00000000 00:00 0 
7f8060021000-7f8064000000 ---p 00000000 00:00 0 
7f8064023000-7f8064025000 r--p 00000000 08:05 3935917                    /usr/lib/jvm/java-11-openjdk-amd64/lib/libmanagement_ext.so
7f8064025000-7f8064028000 r-xp 00002000 08:05 3935917                    /usr/lib/jvm/java-11-openjdk-amd64/lib/libmanagement_ext.so
7f8064028000-7f8064029000 r--p 00005000 08:05 3935917                    /usr/lib/jvm/java-11-openjdk-amd64/lib/libmanagement_ext.so
7f8064029000-7f806402a000 ---p 00006000 08:05 3935917                    /usr/lib/jvm/java-11-openjdk-amd64/lib/libmanagement_ext.so
7f806402a000-7f806402b000 r--p 00006000 08:05 3935917                    /usr/lib/jvm/java-11-openjdk-amd64/lib/libmanagement_ext.so
7f806402b000-7f806402c000 rw-p 00007000 08:05 3935917                    /usr/lib/jvm/java-11-openjdk-amd64/lib/libmanagement_ext.so
7f806402c000-7f806405d000 rw-p 00000000 00:00 0 
7f806405d000-7f8064061000 ---p 00000000 00:00 0 
7f8064061000-7f806415e000 rw-p 00000000 00:00 0 
7f806415e000-7f8064162000 ---p 00000000 00:00 0 
7f8064162000-7f806425f000 rw-p 00000000 00:00 0 
7f806425f000-7f8064263000 ---p 00000000 00:00 0 
7f8064263000-7f8066730000 rw-p 00000000 00:00 0 
7f8066730000-7f80681a8000 ---p 00000000 00:00 0 
7f80681a8000-7f80681b0000 rw-p 00000000 00:00 0 
7f80681b0000-7f80691b0000 ---p 00000000 00:00 0 
7f80691b0000-7f8069580000 rw-p 00000000 00:00 0 
7f8069580000-7f806aff8000 ---p 00000000 00:00 0 
7f806aff8000-7f806b000000 rw-p 00000000 00:00 0 
7f806b000000-7f806c000000 ---p 00000000 00:00 0 
7f806c000000-7f806c021000 rw-p 00000000 00:00 0 
7f806c021000-7f8070000000 ---p 00000000 00:00 0 
7f8070001000-7f8070005000 r--p 00000000 08:05 3935919                    /usr/lib/jvm/java-11-openjdk-amd64/lib/libnet.so
7f8070005000-7f8070014000 r-xp 00004000 08:05 3935919                    /usr/lib/jvm/java-11-openjdk-amd64/lib/libnet.so
7f8070014000-7f8070018000 r--p 00013000 08:05 3935919                    /usr/lib/jvm/java-11-openjdk-amd64/lib/libnet.so
7f8070018000-7f8070019000 r--p 00016000 08:05 3935919                    /usr/lib/jvm/java-11-openjdk-amd64/lib/libnet.so
7f8070019000-7f807001a000 rw-p 00017000 08:05 3935919                    /usr/lib/jvm/java-11-openjdk-amd64/lib/libnet.so
7f807001a000-7f807001b000 ---p 00000000 00:00 0 
7f807001b000-7f80701f8000 rw-p 00000000 00:00 0 
7f80701f8000-7f80701f9000 ---p 00000000 00:00 0 
7f80701f9000-7f80702fa000 rw-p 00000000 00:00 0 
7f80702fa000-7f80702fb000 ---p 00000000 00:00 0 
7f80702fb000-7f8070800000 rw-p 00000000 00:00 0 
7f8070800000-7f8070801000 ---p 00000000 00:00 0 
7f8070801000-7f8070902000 rw-p 00000000 00:00 0 
7f8070902000-7f8070b72000 rwxp 00000000 00:00 0 
7f8070b72000-7f8070e92000 ---p 00000000 00:00 0 
7f8070e92000-7f8071652000 rwxp 00000000 00:00 0 
7f8071652000-7f80783ca000 ---p 00000000 00:00 0 
7f80783ca000-7f807863a000 rwxp 00000000 00:00 0 
7f807863a000-7f807f902000 ---p 00000000 00:00 0 
7f807f902000-7f8088000000 r--s 00000000 08:05 3935929                    /usr/lib/jvm/java-11-openjdk-amd64/lib/modules
7f8088000000-7f80886e2000 rw-p 00000000 00:00 0 
7f80886e2000-7f808c000000 ---p 00000000 00:00 0 
7f808c003000-7f808c004000 r--p 00000000 08:05 3935900                    /usr/lib/jvm/java-11-openjdk-amd64/lib/libextnet.so
7f808c004000-7f808c005000 r-xp 00001000 08:05 3935900                    /usr/lib/jvm/java-11-openjdk-amd64/lib/libextnet.so
7f808c005000-7f808c006000 r--p 00002000 08:05 3935900                    /usr/lib/jvm/java-11-openjdk-amd64/lib/libextnet.so
7f808c006000-7f808c007000 r--p 00002000 08:05 3935900                    /usr/lib/jvm/java-11-openjdk-amd64/lib/libextnet.so
7f808c007000-7f808c008000 rw-p 00003000 08:05 3935900                    /usr/lib/jvm/java-11-openjdk-amd64/lib/libextnet.so
7f808c008000-7f808c00b000 r--p 00000000 08:05 3935915                    /usr/lib/jvm/java-11-openjdk-amd64/lib/libmanagement.so
7f808c00b000-7f808c00c000 r-xp 00003000 08:05 3935915                    /usr/lib/jvm/java-11-openjdk-amd64/lib/libmanagement.so
7f808c00c000-7f808c00d000 r--p 00004000 08:05 3935915                    /usr/lib/jvm/java-11-openjdk-amd64/lib/libmanagement.so
7f808c00d000-7f808c00e000 r--p 00004000 08:05 3935915                    /usr/lib/jvm/java-11-openjdk-amd64/lib/libmanagement.so
7f808c00e000-7f808c00f000 rw-p 00005000 08:05 3935915                    /usr/lib/jvm/java-11-openjdk-amd64/lib/libmanagement.so
7f808c00f000-7f808c016000 r--p 00000000 08:05 3935920                    /usr/lib/jvm/java-11-openjdk-amd64/lib/libnio.so
7f808c016000-7f808c01e000 r-xp 00007000 08:05 3935920                    /usr/lib/jvm/java-11-openjdk-amd64/lib/libnio.so
7f808c01e000-7f808c021000 r--p 0000f000 08:05 3935920                    /usr/lib/jvm/java-11-openjdk-amd64/lib/libnio.so
7f808c021000-7f808c022000 r--p 00011000 08:05 3935920                    /usr/lib/jvm/java-11-openjdk-amd64/lib/libnio.so
7f808c022000-7f808c023000 rw-p 00012000 08:05 3935920                    /usr/lib/jvm/java-11-openjdk-amd64/lib/libnio.so
7f808c023000-7f808c025000 r--p 00000000 08:05 3935899                    /usr/lib/jvm/java-11-openjdk-amd64/lib/libdt_socket.so
7f808c025000-7f808c028000 r-xp 00002000 08:05 3935899                    /usr/lib/jvm/java-11-openjdk-amd64/lib/libdt_socket.so
7f808c028000-7f808c029000 r--p 00005000 08:05 3935899                    /usr/lib/jvm/java-11-openjdk-amd64/lib/libdt_socket.so
7f808c029000-7f808c02a000 ---p 00006000 08:05 3935899                    /usr/lib/jvm/java-11-openjdk-amd64/lib/libdt_socket.so
7f808c02a000-7f808c02b000 r--p 00006000 08:05 3935899                    /usr/lib/jvm/java-11-openjdk-amd64/lib/libdt_socket.so
7f808c02b000-7f808c02c000 rw-p 00007000 08:05 3935899                    /usr/lib/jvm/java-11-openjdk-amd64/lib/libdt_socket.so
7f808c02c000-7f808c096000 rw-p 00000000 00:00 0 
7f808c096000-7f808c097000 ---p 00000000 00:00 0 
7f808c097000-7f808c275000 rw-p 00000000 00:00 0 
7f808c275000-7f808c5c4000 ---p 00000000 00:00 0 
7f808c5c4000-7f808c5c5000 rw-p 00000000 00:00 0 
7f808c5c5000-7f808c7c5000 ---p 00000000 00:00 0 
7f808c7c5000-7f808c83f000 rw-p 00000000 00:00 0 
7f808c83f000-7f808cb8e000 ---p 00000000 00:00 0 
7f808cb8e000-7f808cb8f000 rw-p 00000000 00:00 0 
7f808cb8f000-7f808cd8f000 ---p 00000000 00:00 0 
7f808cd8f000-7f808ce09000 rw-p 00000000 00:00 0 
7f808ce09000-7f808d158000 ---p 00000000 00:00 0 
7f808d158000-7f808d159000 rw-p 00000000 00:00 0 
7f808d159000-7f808d359000 ---p 00000000 00:00 0 
7f808d359000-7f808d75d000 rw-p 00000000 00:00 0 
7f808d75d000-7f808d75e000 ---p 00000000 00:00 0 
7f808d75e000-7f808d864000 rw-p 00000000 00:00 0 
7f808d864000-7f808d94a000 ---p 00000000 00:00 0 
7f808d94a000-7f808d95a000 rw-p 00000000 00:00 0 
7f808d95a000-7f808da35000 ---p 00000000 00:00 0 
7f808da35000-7f808da3a000 rw-p 00000000 00:00 0 
7f808da3a000-7f808da41000 ---p 00000000 00:00 0 
7f808da41000-7f808da44000 r--p 00000000 08:05 3809904                    /usr/lib/x86_64-linux-gnu/libnss_files-2.31.so
7f808da44000-7f808da4b000 r-xp 00003000 08:05 3809904                    /usr/lib/x86_64-linux-gnu/libnss_files-2.31.so
7f808da4b000-7f808da4d000 r--p 0000a000 08:05 3809904                    /usr/lib/x86_64-linux-gnu/libnss_files-2.31.so
7f808da4d000-7f808da4e000 r--p 0000b000 08:05 3809904                    /usr/lib/x86_64-linux-gnu/libnss_files-2.31.so
7f808da4e000-7f808da4f000 rw-p 0000c000 08:05 3809904                    /usr/lib/x86_64-linux-gnu/libnss_files-2.31.so
7f808da4f000-7f808da55000 rw-p 00000000 00:00 0 
7f808da56000-7f808da5d000 r--s 00000000 08:05 4328795                    /usr/lib/x86_64-linux-gnu/gconv/gconv-modules.cache
7f808da5d000-7f808da5f000 r--s 0000c000 08:05 4459478                    /usr/share/java/java-atk-wrapper.jar
7f808da5f000-7f808da61000 r--p 00000000 08:05 3935928                    /usr/lib/jvm/java-11-openjdk-amd64/lib/libzip.so
7f808da61000-7f808da65000 r-xp 00002000 08:05 3935928                    /usr/lib/jvm/java-11-openjdk-amd64/lib/libzip.so
7f808da65000-7f808da67000 r--p 00006000 08:05 3935928                    /usr/lib/jvm/java-11-openjdk-amd64/lib/libzip.so
7f808da67000-7f808da68000 r--p 00007000 08:05 3935928                    /usr/lib/jvm/java-11-openjdk-amd64/lib/libzip.so
7f808da68000-7f808da69000 rw-p 00008000 08:05 3935928                    /usr/lib/jvm/java-11-openjdk-amd64/lib/libzip.so
7f808da69000-7f808da71000 rw-s 00000000 08:05 4593792                    /tmp/hsperfdata_root/77939
7f808da71000-7f808da73000 r--p 00000000 08:05 3935910                    /usr/lib/jvm/java-11-openjdk-amd64/lib/libjdwp.so
7f808da73000-7f808da9f000 r-xp 00002000 08:05 3935910                    /usr/lib/jvm/java-11-openjdk-amd64/lib/libjdwp.so
7f808da9f000-7f808daad000 r--p 0002e000 08:05 3935910                    /usr/lib/jvm/java-11-openjdk-amd64/lib/libjdwp.so
7f808daad000-7f808daae000 r--p 0003b000 08:05 3935910                    /usr/lib/jvm/java-11-openjdk-amd64/lib/libjdwp.so
7f808daae000-7f808daaf000 rw-p 0003c000 08:05 3935910                    /usr/lib/jvm/java-11-openjdk-amd64/lib/libjdwp.so
7f808daaf000-7f808dab0000 ---p 00000000 00:00 0 
7f808dab0000-7f808dab1000 r--p 00000000 00:00 0 
7f808dab1000-7f808dabf000 r--p 00000000 08:05 3935907                    /usr/lib/jvm/java-11-openjdk-amd64/lib/libjava.so
7f808dabf000-7f808dad5000 r-xp 0000e000 08:05 3935907                    /usr/lib/jvm/java-11-openjdk-amd64/lib/libjava.so
7f808dad5000-7f808dadc000 r--p 00024000 08:05 3935907                    /usr/lib/jvm/java-11-openjdk-amd64/lib/libjava.so
7f808dadc000-7f808dadd000 r--p 0002a000 08:05 3935907                    /usr/lib/jvm/java-11-openjdk-amd64/lib/libjava.so
7f808dadd000-7f808dade000 rw-p 0002b000 08:05 3935907                    /usr/lib/jvm/java-11-openjdk-amd64/lib/libjava.so
7f808dade000-7f808dadf000 rw-p 00000000 00:00 0 
7f808dadf000-7f808dae2000 r--p 00000000 08:05 3810151                    /usr/lib/x86_64-linux-gnu/librt-2.31.so
7f808dae2000-7f808dae6000 r-xp 00003000 08:05 3810151                    /usr/lib/x86_64-linux-gnu/librt-2.31.so
7f808dae6000-7f808dae7000 r--p 00007000 08:05 3810151                    /usr/lib/x86_64-linux-gnu/librt-2.31.so
7f808dae7000-7f808dae8000 ---p 00008000 08:05 3810151                    /usr/lib/x86_64-linux-gnu/librt-2.31.so
7f808dae8000-7f808dae9000 r--p 00008000 08:05 3810151                    /usr/lib/x86_64-linux-gnu/librt-2.31.so
7f808dae9000-7f808daea000 rw-p 00009000 08:05 3810151                    /usr/lib/x86_64-linux-gnu/librt-2.31.so
7f808daea000-7f808daee000 ---p 00000000 00:00 0 
7f808daee000-7f808dbeb000 rw-p 00000000 00:00 0 
7f808dbeb000-7f808dbee000 r--p 00000000 08:05 3809401                    /usr/lib/x86_64-linux-gnu/libgcc_s.so.1
7f808dbee000-7f808dc00000 r-xp 00003000 08:05 3809401                    /usr/lib/x86_64-linux-gnu/libgcc_s.so.1
7f808dc00000-7f808dc04000 r--p 00015000 08:05 3809401                    /usr/lib/x86_64-linux-gnu/libgcc_s.so.1
7f808dc04000-7f808dc05000 r--p 00018000 08:05 3809401                    /usr/lib/x86_64-linux-gnu/libgcc_s.so.1
7f808dc05000-7f808dc06000 rw-p 00019000 08:05 3809401                    /usr/lib/x86_64-linux-gnu/libgcc_s.so.1
7f808dc06000-7f808dc15000 r--p 00000000 08:05 3809761                    /usr/lib/x86_64-linux-gnu/libm-2.31.so
7f808dc15000-7f808dcbc000 r-xp 0000f000 08:05 3809761                    /usr/lib/x86_64-linux-gnu/libm-2.31.so
7f808dcbc000-7f808dd53000 r--p 000b6000 08:05 3809761                    /usr/lib/x86_64-linux-gnu/libm-2.31.so
7f808dd53000-7f808dd54000 r--p 0014c000 08:05 3809761                    /usr/lib/x86_64-linux-gnu/libm-2.31.so
7f808dd54000-7f808dd55000 rw-p 0014d000 08:05 3809761                    /usr/lib/x86_64-linux-gnu/libm-2.31.so
7f808dd55000-7f808ddeb000 r--p 00000000 08:05 3810269                    /usr/lib/x86_64-linux-gnu/libstdc++.so.6.0.28
7f808ddeb000-7f808dedb000 r-xp 00096000 08:05 3810269                    /usr/lib/x86_64-linux-gnu/libstdc++.so.6.0.28
7f808dedb000-7f808df24000 r--p 00186000 08:05 3810269                    /usr/lib/x86_64-linux-gnu/libstdc++.so.6.0.28
7f808df24000-7f808df25000 ---p 001cf000 08:05 3810269                    /usr/lib/x86_64-linux-gnu/libstdc++.so.6.0.28
7f808df25000-7f808df30000 r--p 001cf000 08:05 3810269                    /usr/lib/x86_64-linux-gnu/libstdc++.so.6.0.28
7f808df30000-7f808df33000 rw-p 001da000 08:05 3810269                    /usr/lib/x86_64-linux-gnu/libstdc++.so.6.0.28
7f808df33000-7f808df36000 rw-p 00000000 00:00 0 
7f808df36000-7f808e1a3000 r--p 00000000 08:05 3935932                    /usr/lib/jvm/java-11-openjdk-amd64/lib/server/libjvm.so
7f808e1a3000-7f808ed37000 r-xp 0026d000 08:05 3935932                    /usr/lib/jvm/java-11-openjdk-amd64/lib/server/libjvm.so
7f808ed37000-7f808ef6e000 r--p 00e01000 08:05 3935932                    /usr/lib/jvm/java-11-openjdk-amd64/lib/server/libjvm.so
7f808ef6e000-7f808f02b000 r--p 01037000 08:05 3935932                    /usr/lib/jvm/java-11-openjdk-amd64/lib/server/libjvm.so
7f808f02b000-7f808f064000 rw-p 010f4000 08:05 3935932                    /usr/lib/jvm/java-11-openjdk-amd64/lib/server/libjvm.so
7f808f064000-7f808f0bd000 rw-p 00000000 00:00 0 
7f808f0bd000-7f808f0c4000 r--p 00000000 08:05 3810084                    /usr/lib/x86_64-linux-gnu/libpthread-2.31.so
7f808f0c4000-7f808f0d5000 r-xp 00007000 08:05 3810084                    /usr/lib/x86_64-linux-gnu/libpthread-2.31.so
7f808f0d5000-7f808f0da000 r--p 00018000 08:05 3810084                    /usr/lib/x86_64-linux-gnu/libpthread-2.31.so
7f808f0da000-7f808f0db000 r--p 0001c000 08:05 3810084                    /usr/lib/x86_64-linux-gnu/libpthread-2.31.so
7f808f0db000-7f808f0dc000 rw-p 0001d000 08:05 3810084                    /usr/lib/x86_64-linux-gnu/libpthread-2.31.so
7f808f0dc000-7f808f0e0000 rw-p 00000000 00:00 0 
7f808f0e0000-7f808f0e1000 r--p 00000000 08:05 3809227                    /usr/lib/x86_64-linux-gnu/libdl-2.31.so
7f808f0e1000-7f808f0e3000 r-xp 00001000 08:05 3809227                    /usr/lib/x86_64-linux-gnu/libdl-2.31.so
7f808f0e3000-7f808f0e4000 r--p 00003000 08:05 3809227                    /usr/lib/x86_64-linux-gnu/libdl-2.31.so
7f808f0e4000-7f808f0e5000 r--p 00003000 08:05 3809227                    /usr/lib/x86_64-linux-gnu/libdl-2.31.so
7f808f0e5000-7f808f0e6000 rw-p 00004000 08:05 3809227                    /usr/lib/x86_64-linux-gnu/libdl-2.31.so
7f808f0e6000-7f808f0e8000 r--p 00000000 08:05 3810547                    /usr/lib/x86_64-linux-gnu/libz.so.1.2.11
7f808f0e8000-7f808f0f9000 r-xp 00002000 08:05 3810547                    /usr/lib/x86_64-linux-gnu/libz.so.1.2.11
7f808f0f9000-7f808f0ff000 r--p 00013000 08:05 3810547                    /usr/lib/x86_64-linux-gnu/libz.so.1.2.11
7f808f0ff000-7f808f100000 ---p 00019000 08:05 3810547                    /usr/lib/x86_64-linux-gnu/libz.so.1.2.11
7f808f100000-7f808f101000 r--p 00019000 08:05 3810547                    /usr/lib/x86_64-linux-gnu/libz.so.1.2.11
7f808f101000-7f808f102000 rw-p 0001a000 08:05 3810547                    /usr/lib/x86_64-linux-gnu/libz.so.1.2.11
7f808f102000-7f808f127000 r--p 00000000 08:05 3809111                    /usr/lib/x86_64-linux-gnu/libc-2.31.so
7f808f127000-7f808f29f000 r-xp 00025000 08:05 3809111                    /usr/lib/x86_64-linux-gnu/libc-2.31.so
7f808f29f000-7f808f2e9000 r--p 0019d000 08:05 3809111                    /usr/lib/x86_64-linux-gnu/libc-2.31.so
7f808f2e9000-7f808f2ea000 ---p 001e7000 08:05 3809111                    /usr/lib/x86_64-linux-gnu/libc-2.31.so
7f808f2ea000-7f808f2ed000 r--p 001e7000 08:05 3809111                    /usr/lib/x86_64-linux-gnu/libc-2.31.so
7f808f2ed000-7f808f2f0000 rw-p 001ea000 08:05 3809111                    /usr/lib/x86_64-linux-gnu/libc-2.31.so
7f808f2f0000-7f808f2f4000 rw-p 00000000 00:00 0 
7f808f2f5000-7f808f2f7000 r--p 00000000 08:05 3935911                    /usr/lib/jvm/java-11-openjdk-amd64/lib/libjimage.so
7f808f2f7000-7f808f2fa000 r-xp 00002000 08:05 3935911                    /usr/lib/jvm/java-11-openjdk-amd64/lib/libjimage.so
7f808f2fa000-7f808f2fb000 r--p 00005000 08:05 3935911                    /usr/lib/jvm/java-11-openjdk-amd64/lib/libjimage.so
7f808f2fb000-7f808f2fc000 ---p 00006000 08:05 3935911                    /usr/lib/jvm/java-11-openjdk-amd64/lib/libjimage.so
7f808f2fc000-7f808f2fd000 r--p 00006000 08:05 3935911                    /usr/lib/jvm/java-11-openjdk-amd64/lib/libjimage.so
7f808f2fd000-7f808f2fe000 rw-p 00007000 08:05 3935911                    /usr/lib/jvm/java-11-openjdk-amd64/lib/libjimage.so
7f808f2fe000-7f808f303000 r--p 00000000 08:05 3935927                    /usr/lib/jvm/java-11-openjdk-amd64/lib/libverify.so
7f808f303000-7f808f30a000 r-xp 00005000 08:05 3935927                    /usr/lib/jvm/java-11-openjdk-amd64/lib/libverify.so
7f808f30a000-7f808f30c000 r--p 0000c000 08:05 3935927                    /usr/lib/jvm/java-11-openjdk-amd64/lib/libverify.so
7f808f30c000-7f808f30d000 ---p 0000e000 08:05 3935927                    /usr/lib/jvm/java-11-openjdk-amd64/lib/libverify.so
7f808f30d000-7f808f30f000 r--p 0000e000 08:05 3935927                    /usr/lib/jvm/java-11-openjdk-amd64/lib/libverify.so
7f808f30f000-7f808f310000 rw-p 00010000 08:05 3935927                    /usr/lib/jvm/java-11-openjdk-amd64/lib/libverify.so
7f808f310000-7f808f313000 r--p 00000000 08:05 3935891                    /usr/lib/jvm/java-11-openjdk-amd64/lib/jli/libjli.so
7f808f313000-7f808f31d000 r-xp 00003000 08:05 3935891                    /usr/lib/jvm/java-11-openjdk-amd64/lib/jli/libjli.so
7f808f31d000-7f808f320000 r--p 0000d000 08:05 3935891                    /usr/lib/jvm/java-11-openjdk-amd64/lib/jli/libjli.so
7f808f320000-7f808f321000 ---p 00010000 08:05 3935891                    /usr/lib/jvm/java-11-openjdk-amd64/lib/jli/libjli.so
7f808f321000-7f808f322000 r--p 00010000 08:05 3935891                    /usr/lib/jvm/java-11-openjdk-amd64/lib/jli/libjli.so
7f808f322000-7f808f323000 rw-p 00011000 08:05 3935891                    /usr/lib/jvm/java-11-openjdk-amd64/lib/jli/libjli.so
7f808f323000-7f808f325000 rw-p 00000000 00:00 0 
7f808f325000-7f808f326000 r--p 00000000 08:05 3808511                    /usr/lib/x86_64-linux-gnu/ld-2.31.so
7f808f326000-7f808f349000 r-xp 00001000 08:05 3808511                    /usr/lib/x86_64-linux-gnu/ld-2.31.so
7f808f349000-7f808f351000 r--p 00024000 08:05 3808511                    /usr/lib/x86_64-linux-gnu/ld-2.31.so
7f808f352000-7f808f353000 r--p 0002c000 08:05 3808511                    /usr/lib/x86_64-linux-gnu/ld-2.31.so
7f808f353000-7f808f354000 rw-p 0002d000 08:05 3808511                    /usr/lib/x86_64-linux-gnu/ld-2.31.so
7f808f354000-7f808f355000 rw-p 00000000 00:00 0 
7ffe4613c000-7ffe4615d000 rw-p 00000000 00:00 0                          [stack]
7ffe46161000-7ffe46164000 r--p 00000000 00:00 0                          [vvar]
7ffe46164000-7ffe46165000 r-xp 00000000 00:00 0                          [vdso]
ffffffffff600000-ffffffffff601000 --xp 00000000 00:00 0                  [vsyscall]


VM Arguments:
jvm_args: -agentlib:jdwp=transport=dt_socket,server=n,suspend=y,address=localhost:45921 -Dfile.encoding=UTF-8 
java_command: com.sgcampeonato.CampeonatoApplication
java_class_path (initial): /home/programador/wesleyxavier/git/sg-campeonato/target/classes:/root/.m2/repository/org/modelmapper/modelmapper/2.3.8/modelmapper-2.3.8.jar:/root/.m2/repository/org/springframework/boot/spring-boot-starter-data-jpa/2.3.2.RELEASE/spring-boot-starter-data-jpa-2.3.2.RELEASE.jar:/root/.m2/repository/org/springframework/boot/spring-boot-starter-aop/2.3.2.RELEASE/spring-boot-starter-aop-2.3.2.RELEASE.jar:/root/.m2/repository/org/springframework/spring-aop/5.2.8.RELEASE/spring-aop-5.2.8.RELEASE.jar:/root/.m2/repository/org/aspectj/aspectjweaver/1.9.6/aspectjweaver-1.9.6.jar:/root/.m2/repository/org/springframework/boot/spring-boot-starter-jdbc/2.3.2.RELEASE/spring-boot-starter-jdbc-2.3.2.RELEASE.jar:/root/.m2/repository/com/zaxxer/HikariCP/3.4.5/HikariCP-3.4.5.jar:/root/.m2/repository/org/springframework/spring-jdbc/5.2.8.RELEASE/spring-jdbc-5.2.8.RELEASE.jar:/root/.m2/repository/jakarta/transaction/jakarta.transaction-api/1.3.3/jakarta.transaction-api-1.3.3.jar:/root/.m2/repository/jakarta/persistence/jakarta.persistence-api/2.2.3/jakarta.persistence-api-2.2.3.jar:/root/.m2/repository/org/hibernate/hibernate-core/5.4.18.Final/hibernate-core-5.4.18.Final.jar:/root/.m2/repository/org/jboss/logging/jboss-logging/3.4.1.Final/jboss-logging-3.4.1.Final.jar:/root/.m2/repository/org/javassist/javassist/3.24.0-GA/javassist-3.24.0-GA.jar:/root/.m2/repository/net/bytebuddy/byte-buddy/1.10.13/byte-buddy-1.10.13.jar:/root/.m2/repository/antlr/antlr/2.7.7/antlr-2.7.7.jar:/root/.m2/repository/org/jboss/jandex/2.1.3.Final/jandex-2.1.3.Final.jar:/root/.m2/repository/com/fasterxml/classmate/1.5.1/classmate-1.5.1.jar:/root/.m2/repository/org/dom4j/dom4j/2.1.3/dom4j-2.1.3.jar:/root/.m2/repository/org/hibernate/common/hibernate-commons-annotations/5.1.0.Final/hibernate-commons-annotations-5.1.0.Final.jar:/root/.m2/repository/org/glassfish/jaxb/jaxb-runtime/2.3.3/jaxb-runtime-2.3.3.jar:/root/.m2/repository/org/glassfish/jaxb/txw2/2.3.3/txw2-2.3.3.jar:/root/.m2/rep
Launcher Type: SUN_STANDARD

[Global flags]
     intx CICompilerCount                          = 3                                         {product} {ergonomic}
     uint ConcGCThreads                            = 1                                         {product} {ergonomic}
     uint G1ConcRefinementThreads                  = 4                                         {product} {ergonomic}
   size_t G1HeapRegionSize                         = 1048576                                   {product} {ergonomic}
    uintx GCDrainStackTargetSize                   = 64                                        {product} {ergonomic}
   size_t InitialHeapSize                          = 195035136                                 {product} {ergonomic}
   size_t MarkStackSize                            = 4194304                                   {product} {ergonomic}
   size_t MaxHeapSize                              = 3107979264                                {product} {ergonomic}
   size_t MaxNewSize                               = 1864368128                                {product} {ergonomic}
   size_t MinHeapDeltaBytes                        = 1048576                                   {product} {ergonomic}
    uintx NonNMethodCodeHeapSize                   = 5830732                                {pd product} {ergonomic}
    uintx NonProfiledCodeHeapSize                  = 122913754                              {pd product} {ergonomic}
    uintx ProfiledCodeHeapSize                     = 122913754                              {pd product} {ergonomic}
    uintx ReservedCodeCacheSize                    = 251658240                              {pd product} {ergonomic}
     bool SegmentedCodeCache                       = true                                      {product} {ergonomic}
     bool UseCompressedClassPointers               = true                                 {lp64_product} {ergonomic}
     bool UseCompressedOops                        = true                                 {lp64_product} {ergonomic}
     bool UseG1GC                                  = true                                      {product} {ergonomic}

Logging:
Log output configuration:
 #0: stdout all=warning uptime,level,tags
 #1: stderr all=off uptime,level,tags

Environment Variables:
PATH=/root/.nvm/versions/node/v12.18.3/bin:/usr/local/sbin:/usr/local/bin:/usr/sbin:/usr/bin:/sbin:/bin:/snap/bin
SHELL=/bin/bash
DISPLAY=:0
LANG=pt_BR.UTF-8

Signal Handlers:
SIGSEGV: [libjvm.so+0xd8e010], sa_mask[0]=11111111011111111101111111111110, sa_flags=SA_RESTART|SA_SIGINFO
SIGBUS: [libjvm.so+0xd8e010], sa_mask[0]=11111111011111111101111111111110, sa_flags=SA_RESTART|SA_SIGINFO
SIGFPE: [libjvm.so+0xd8e010], sa_mask[0]=11111111011111111101111111111110, sa_flags=SA_RESTART|SA_SIGINFO
SIGPIPE: [libjvm.so+0xb86b30], sa_mask[0]=11111111011111111101111111111110, sa_flags=SA_RESTART|SA_SIGINFO
SIGXFSZ: [libjvm.so+0xb86b30], sa_mask[0]=11111111011111111101111111111110, sa_flags=SA_RESTART|SA_SIGINFO
SIGILL: [libjvm.so+0xd8e010], sa_mask[0]=11111111011111111101111111111110, sa_flags=SA_RESTART|SA_SIGINFO
SIGUSR2: [libjvm.so+0xb869d0], sa_mask[0]=00000000000000000000000000000000, sa_flags=SA_RESTART|SA_SIGINFO
SIGHUP: [libjvm.so+0xb86e70], sa_mask[0]=11111111011111111101111111111110, sa_flags=SA_RESTART|SA_SIGINFO
SIGINT: [libjvm.so+0xb86e70], sa_mask[0]=11111111011111111101111111111110, sa_flags=SA_RESTART|SA_SIGINFO
SIGTERM: [libjvm.so+0xb86e70], sa_mask[0]=11111111011111111101111111111110, sa_flags=SA_RESTART|SA_SIGINFO
SIGQUIT: [libjvm.so+0xb86e70], sa_mask[0]=11111111011111111101111111111110, sa_flags=SA_RESTART|SA_SIGINFO


---------------  S Y S T E M  ---------------

OS:DISTRIB_ID=Ubuntu
DISTRIB_RELEASE=20.04
DISTRIB_CODENAME=focal
DISTRIB_DESCRIPTION="Ubuntu 20.04.1 LTS"
uname:Linux 5.4.0-42-generic #46-Ubuntu SMP Fri Jul 10 00:24:02 UTC 2020 x86_64
OS uptime: 0 days 7:06 hours
libc:glibc 2.31 NPTL 2.31 
rlimit (soft/hard): STACK 8192k/infinity , CORE 0k/infinity , NPROC 47073/47073 , NOFILE 1048576/1048576 , AS infinity/infinity , CPU infinity/infinity , DATA infinity/infinity , FSIZE infinity/infinity , MEMLOCK 65536k/65536k
load average:2,04 1,88 1,68

/proc/meminfo:
MemTotal:       12138396 kB
MemFree:         1928536 kB
MemAvailable:    7208344 kB
Buffers:          544312 kB
Cached:          4989108 kB
SwapCached:            4 kB
Active:          6770568 kB
Inactive:        2682052 kB
Active(anon):    3889900 kB
Inactive(anon):   323640 kB
Active(file):    2880668 kB
Inactive(file):  2358412 kB
Unevictable:      134204 kB
Mlocked:              32 kB
SwapTotal:       2097148 kB
SwapFree:        2097136 kB
Dirty:               512 kB
Writeback:             0 kB
AnonPages:       4053412 kB
Mapped:          1108448 kB
Shmem:            354136 kB
KReclaimable:     360600 kB
Slab:             492576 kB
SReclaimable:     360600 kB
SUnreclaim:       131976 kB
KernelStack:       16048 kB
PageTables:        55928 kB
NFS_Unstable:          0 kB
Bounce:                0 kB
WritebackTmp:          0 kB
CommitLimit:     8166344 kB
Committed_AS:   12085092 kB
VmallocTotal:   34359738367 kB
VmallocUsed:       27856 kB
VmallocChunk:          0 kB
Percpu:             3232 kB
HardwareCorrupted:     0 kB
AnonHugePages:         0 kB
ShmemHugePages:        0 kB
ShmemPmdMapped:        0 kB
FileHugePages:         0 kB
FilePmdMapped:         0 kB
CmaTotal:              0 kB
CmaFree:               0 kB
HugePages_Total:       0
HugePages_Free:        0
HugePages_Rsvd:        0
HugePages_Surp:        0
Hugepagesize:       2048 kB
Hugetlb:               0 kB
DirectMap4k:      421956 kB
DirectMap2M:    10981376 kB
DirectMap1G:     2097152 kB

/sys/kernel/mm/transparent_hugepage/enabled:
always [madvise] never

/sys/kernel/mm/transparent_hugepage/defrag (defrag/compaction efforts parameter):
always defer defer+madvise [madvise] never


/proc/sys/kernel/threads-max (system-wide limit on the number of threads):
94147


/proc/sys/vm/max_map_count (maximum number of memory map areas a process may have):
65530


/proc/sys/kernel/pid_max (system-wide limit on number of process identifiers):
4194304



container (cgroup) information:
container_type: cgroupv1
cpu_cpuset_cpus: 0-3
cpu_memory_nodes: 0
active_processor_count: 4
cpu_quota: -1
cpu_period: 100000
cpu_shares: -1
memory_limit_in_bytes: -1
memory_and_swap_limit_in_bytes: -2
memory_soft_limit_in_bytes: -1
memory_usage_in_bytes: 7786721280
memory_max_usage_in_bytes: 9614811136

Steal ticks since vm start: 0
Steal ticks percentage since vm start:  0,000

CPU:total 4 (initial active 4) (2 cores per cpu, 2 threads per core) family 6 model 60 stepping 3, cmov, cx8, fxsr, mmx, sse, sse2, sse3, ssse3, sse4.1, sse4.2, popcnt, avx, avx2, aes, clmul, erms, lzcnt, ht, tsc, tscinvbit, bmi1, bmi2, fma
CPU Model and flags from /proc/cpuinfo:
model name	: Intel(R) Core(TM) i3-4160 CPU @ 3.60GHz
flags		: fpu vme de pse tsc msr pae mce cx8 apic sep mtrr pge mca cmov pat pse36 clflush dts acpi mmx fxsr sse sse2 ss ht tm pbe syscall nx pdpe1gb rdtscp lm constant_tsc arch_perfmon pebs bts rep_good nopl xtopology nonstop_tsc cpuid aperfmperf pni pclmulqdq dtes64 monitor ds_cpl vmx est tm2 ssse3 sdbg fma cx16 xtpr pdcm pcid sse4_1 sse4_2 movbe popcnt tsc_deadline_timer aes xsave avx f16c rdrand lahf_lm abm cpuid_fault epb invpcid_single pti ssbd ibrs ibpb stibp tpr_shadow vnmi flexpriority ept vpid ept_ad fsgsbase tsc_adjust bmi1 avx2 smep bmi2 erms invpcid xsaveopt dtherm arat pln pts md_clear flush_l1d

Memory: 4k page, physical 12138396k(1928536k free), swap 2097148k(2097136k free)

vm_info: OpenJDK 64-Bit Server VM (11.0.8+10-post-Ubuntu-0ubuntu120.04) for linux-amd64 JRE (11.0.8+10-post-Ubuntu-0ubuntu120.04), built on Jul 15 2020 20:45:24 by "unknown" with gcc 9.3.0

END.
